{"meta": {"format": 3, "version": "7.13.2", "timestamp": "2026-04-02T21:59:12.350034", "branch_coverage": true, "show_contexts": false}, "files": {"src/dpeva/__init__.py": {"executed_lines": [6, 7, 9, 13, 14], "summary": {"covered_lines": 5, "num_statements": 11, "percent_covered": 45.45454545454545, "percent_covered_display": "45", "missing_lines": 6, "excluded_lines": 0, "percent_statements_covered": 45.45454545454545, "percent_statements_covered_display": "45", "num_branches": 0, "num_partial_branches": 0, "covered_branches": 0, "missing_branches": 0, "percent_branches_covered": 100.0, "percent_branches_covered_display": "100"}, "missing_lines": [15, 17, 18, 19, 21, 22], "excluded_lines": [], "executed_branches": [], "missing_branches": [], "functions": {"": {"executed_lines": [6, 7, 9, 13, 14], "summary": {"covered_lines": 5, "num_statements": 11, "percent_covered": 45.45454545454545, "percent_covered_display": "45", "missing_lines": 6, "excluded_lines": 0, "percent_statements_covered": 45.45454545454545, "percent_statements_covered_display": "45", "num_branches": 0, "num_partial_branches": 0, "covered_branches": 0, "missing_branches": 0, "percent_branches_covered": 100.0, "percent_branches_covered_display": "100"}, "missing_lines": [15, 17, 18, 19, 21, 22], "excluded_lines": [], "start_line": 1, "executed_branches": [], "missing_branches": []}}, "classes": {"": {"executed_lines": [6, 7, 9, 13, 14], "summary": {"covered_lines": 5, "num_statements": 11, "percent_covered": 45.45454545454545, "percent_covered_display": "45", "missing_lines": 6, "excluded_lines": 0, "percent_statements_covered": 45.45454545454545, "percent_statements_covered_display": "45", "num_branches": 0, "num_partial_branches": 0, "covered_branches": 0, "missing_branches": 0, "percent_branches_covered": 100.0, "percent_branches_covered_display": "100"}, "missing_lines": [15, 17, 18, 19, 21, 22], "excluded_lines": [], "start_line": 1, "executed_branches": [], "missing_branches": []}}}, "src/dpeva/analysis/__init__.py": {"executed_lines": [7], "summary": {"covered_lines": 1, "num_statements": 1, "percent_covered": 100.0, "percent_covered_display": "100", "missing_lines": 0, "excluded_lines": 0, "percent_statements_covered": 100.0, "percent_statements_covered_display": "100", "num_branches": 0, "num_partial_branches": 0, "covered_branches": 0, "missing_branches": 0, "percent_branches_covered": 100.0, "percent_branches_covered_display": "100"}, "missing_lines": [], "excluded_lines": [], "executed_branches": [], "missing_branches": [], "functions": {"": {"executed_lines": [7], "summary": {"covered_lines": 1, "num_statements": 1, "percent_covered": 100.0, "percent_covered_display": "100", "missing_lines": 0, "excluded_lines": 0, "percent_statements_covered": 100.0, "percent_statements_covered_display": "100", "num_branches": 0, "num_partial_branches": 0, "covered_branches": 0, "missing_branches": 0, "percent_branches_covered": 100.0, "percent_branches_covered_display": "100"}, "missing_lines": [], "excluded_lines": [], "start_line": 1, "executed_branches": [], "missing_branches": []}}, "classes": {"": {"executed_lines": [7], "summary": {"covered_lines": 1, "num_statements": 1, "percent_covered": 100.0, "percent_covered_display": "100", "missing_lines": 0, "excluded_lines": 0, "percent_statements_covered": 100.0, "percent_statements_covered_display": "100", "num_branches": 0, "num_partial_branches": 0, "covered_branches": 0, "missing_branches": 0, "percent_branches_covered": 100.0, "percent_branches_covered_display": "100"}, "missing_lines": [], "excluded_lines": [], "start_line": 1, "executed_branches": [], "missing_branches": []}}}, "src/dpeva/analysis/dataset.py": {"executed_lines": [1, 2, 3, 4, 6, 7, 8, 9, 10, 12, 18, 19, 20, 21, 24, 27, 34, 35, 36, 37, 39, 41, 42, 43, 44, 45, 49, 50, 51, 52, 53, 54, 55, 56, 57, 58, 59, 61, 62, 63, 64, 65, 66, 67, 73, 74, 75, 76, 77, 78, 79, 81, 82, 83, 84, 86, 87, 88, 89, 90, 91, 92, 94, 95, 96, 98, 99, 100, 101, 102, 103, 104, 105, 106, 107, 108, 109, 111, 123, 124, 125, 126, 127, 128, 129, 130, 131, 133, 134, 143, 144, 145, 146, 155, 162, 164, 166, 168, 182, 183, 185, 186, 188, 190, 192, 194, 195, 196, 197, 198, 199, 200, 201, 202, 203, 204, 206, 207, 208, 209, 217, 225, 226, 227, 228, 229, 230, 231, 232, 233, 235, 236, 237, 238, 239, 240, 241, 243, 244, 245, 246, 247, 257, 258, 259, 260, 261, 262, 269, 278, 279, 280, 282, 283, 284, 285, 287, 288, 298, 299, 301, 302, 304, 309, 310, 312, 314, 322, 323, 325, 327], "summary": {"covered_lines": 171, "num_statements": 200, "percent_covered": 77.61194029850746, "percent_covered_display": "78", "missing_lines": 29, "excluded_lines": 0, "percent_statements_covered": 85.5, "percent_statements_covered_display": "86", "num_branches": 68, "num_partial_branches": 21, "covered_branches": 37, "missing_branches": 31, "percent_branches_covered": 54.411764705882355, "percent_branches_covered_display": "54"}, "missing_lines": [69, 70, 71, 72, 153, 165, 210, 211, 212, 214, 215, 248, 249, 250, 251, 253, 254, 255, 281, 290, 291, 292, 293, 294, 295, 296, 303, 313, 326], "excluded_lines": [], "executed_branches": [[42, 43], [42, 44], [61, 62], [61, 123], [66, 67], [76, 77], [76, 81], [86, 61], [86, 87], [88, 89], [94, 95], [100, 101], [104, 105], [107, 108], [124, 125], [126, 127], [128, 129], [130, 131], [133, 134], [133, 155], [144, 145], [164, 166], [182, 183], [182, 185], [195, 196], [200, 201], [207, 208], [225, 226], [225, 229], [235, 236], [244, 245], [257, 258], [257, 280], [280, 282], [302, 304], [312, 314], [325, 327]], "missing_branches": [[66, 69], [88, 94], [94, 98], [100, 111], [104, 111], [107, 111], [124, 126], [126, 128], [128, 130], [130, 133], [144, 153], [164, 165], [195, 197], [200, 235], [207, 210], [210, 211], [210, 214], [235, -192], [244, 248], [248, 249], [248, 253], [280, 281], [290, 291], [290, 292], [292, 293], [292, 294], [294, 295], [294, 296], [302, 303], [312, 313], [325, 326]], "functions": {"DatasetAnalysisManager.__init__": {"executed_lines": [34, 35, 36, 37], "summary": {"covered_lines": 4, "num_statements": 4, "percent_covered": 100.0, "percent_covered_display": "100", "missing_lines": 0, "excluded_lines": 0, "percent_statements_covered": 100.0, "percent_statements_covered_display": "100", "num_branches": 0, "num_partial_branches": 0, "covered_branches": 0, "missing_branches": 0, "percent_branches_covered": 100.0, "percent_branches_covered_display": "100"}, "missing_lines": [], "excluded_lines": [], "start_line": 27, "executed_branches": [], "missing_branches": []}, "DatasetAnalysisManager.analyze": {"executed_lines": [41, 42, 43, 44, 45, 49, 50, 51, 52, 53, 54, 55, 56, 57, 58, 59, 61, 62, 63, 64, 65, 66, 67, 73, 74, 75, 76, 77, 78, 79, 81, 82, 83, 84, 86, 87, 88, 89, 90, 91, 92, 94, 95, 96, 98, 99, 100, 101, 102, 103, 104, 105, 106, 107, 108, 109, 111, 123, 124, 125, 126, 127, 128, 129, 130, 131, 133, 134, 143, 144, 145, 146, 155, 162, 168, 182, 183, 185, 186, 188, 190], "summary": {"covered_lines": 81, "num_statements": 86, "percent_covered": 86.66666666666667, "percent_covered_display": "87", "missing_lines": 5, "excluded_lines": 0, "percent_statements_covered": 94.18604651162791, "percent_statements_covered_display": "94", "num_branches": 34, "num_partial_branches": 11, "covered_branches": 23, "missing_branches": 11, "percent_branches_covered": 67.6470588235294, "percent_branches_covered_display": "68"}, "missing_lines": [69, 70, 71, 72, 153], "excluded_lines": [], "start_line": 39, "executed_branches": [[42, 43], [42, 44], [61, 62], [61, 123], [66, 67], [76, 77], [76, 81], [86, 61], [86, 87], [88, 89], [94, 95], [100, 101], [104, 105], [107, 108], [124, 125], [126, 127], [128, 129], [130, 131], [133, 134], [133, 155], [144, 145], [182, 183], [182, 185]], "missing_branches": [[66, 69], [88, 94], [94, 98], [100, 111], [104, 111], [107, 111], [124, 126], [126, 128], [128, 130], [130, 133], [144, 153]]}, "DatasetAnalysisManager.analyze.series_stats": {"executed_lines": [164, 166], "summary": {"covered_lines": 2, "num_statements": 3, "percent_covered": 60.0, "percent_covered_display": "60", "missing_lines": 1, "excluded_lines": 0, "percent_statements_covered": 66.66666666666667, "percent_statements_covered_display": "67", "num_branches": 2, "num_partial_branches": 1, "covered_branches": 1, "missing_branches": 1, "percent_branches_covered": 50.0, "percent_branches_covered_display": "50"}, "missing_lines": [165], "excluded_lines": [], "start_line": 162, "executed_branches": [[164, 166]], "missing_branches": [[164, 165]]}, "DatasetAnalysisManager._plot_element_statistics": {"executed_lines": [194, 195, 196, 197, 198, 199, 200, 201, 202, 203, 204, 206, 207, 208, 209, 217, 225, 226, 227, 228, 229, 230, 231, 232, 233, 235, 236, 237, 238, 239, 240, 241, 243, 244, 245, 246, 247, 257, 258, 259, 260, 261, 262, 269, 278, 279, 280, 282, 283, 284, 285], "summary": {"covered_lines": 51, "num_statements": 64, "percent_covered": 72.61904761904762, "percent_covered_display": "73", "missing_lines": 13, "excluded_lines": 0, "percent_statements_covered": 79.6875, "percent_statements_covered_display": "80", "num_branches": 20, "num_partial_branches": 6, "covered_branches": 10, "missing_branches": 10, "percent_branches_covered": 50.0, "percent_branches_covered_display": "50"}, "missing_lines": [210, 211, 212, 214, 215, 248, 249, 250, 251, 253, 254, 255, 281], "excluded_lines": [], "start_line": 192, "executed_branches": [[195, 196], [200, 201], [207, 208], [225, 226], [225, 229], [235, 236], [244, 245], [257, 258], [257, 280], [280, 282]], "missing_branches": [[195, 197], [200, 235], [207, 210], [210, 211], [210, 214], [235, -192], [244, 248], [248, 249], [248, 253], [280, 281]]}, "DatasetAnalysisManager._json_default": {"executed_lines": [], "summary": {"covered_lines": 0, "num_statements": 7, "percent_covered": 0.0, "percent_covered_display": "0", "missing_lines": 7, "excluded_lines": 0, "percent_statements_covered": 0.0, "percent_statements_covered_display": "0", "num_branches": 6, "num_partial_branches": 0, "covered_branches": 0, "missing_branches": 6, "percent_branches_covered": 0.0, "percent_branches_covered_display": "0"}, "missing_lines": [290, 291, 292, 293, 294, 295, 296], "excluded_lines": [], "start_line": 288, "executed_branches": [], "missing_branches": [[290, 291], [290, 292], [292, 293], [292, 294], [294, 295], [294, 296]]}, "DatasetAnalysisManager._compute_ratio_by_atom": {"executed_lines": [301, 302, 304], "summary": {"covered_lines": 3, "num_statements": 4, "percent_covered": 66.66666666666667, "percent_covered_display": "67", "missing_lines": 1, "excluded_lines": 0, "percent_statements_covered": 75.0, "percent_statements_covered_display": "75", "num_branches": 2, "num_partial_branches": 1, "covered_branches": 1, "missing_branches": 1, "percent_branches_covered": 50.0, "percent_branches_covered_display": "50"}, "missing_lines": [303], "excluded_lines": [], "start_line": 299, "executed_branches": [[302, 304]], "missing_branches": [[302, 303]]}, "DatasetAnalysisManager._compute_system_presence": {"executed_lines": [312, 314], "summary": {"covered_lines": 2, "num_statements": 3, "percent_covered": 60.0, "percent_covered_display": "60", "missing_lines": 1, "excluded_lines": 0, "percent_statements_covered": 66.66666666666667, "percent_statements_covered_display": "67", "num_branches": 2, "num_partial_branches": 1, "covered_branches": 1, "missing_branches": 1, "percent_branches_covered": 50.0, "percent_branches_covered_display": "50"}, "missing_lines": [313], "excluded_lines": [], "start_line": 310, "executed_branches": [[312, 314]], "missing_branches": [[312, 313]]}, "DatasetAnalysisManager._compute_frame_presence": {"executed_lines": [325, 327], "summary": {"covered_lines": 2, "num_statements": 3, "percent_covered": 60.0, "percent_covered_display": "60", "missing_lines": 1, "excluded_lines": 0, "percent_statements_covered": 66.66666666666667, "percent_statements_covered_display": "67", "num_branches": 2, "num_partial_branches": 1, "covered_branches": 1, "missing_branches": 1, "percent_branches_covered": 50.0, "percent_branches_covered_display": "50"}, "missing_lines": [326], "excluded_lines": [], "start_line": 323, "executed_branches": [[325, 327]], "missing_branches": [[325, 326]]}, "": {"executed_lines": [1, 2, 3, 4, 6, 7, 8, 9, 10, 12, 18, 19, 20, 21, 24, 27, 39, 192, 287, 288, 298, 299, 309, 310, 322, 323], "summary": {"covered_lines": 26, "num_statements": 26, "percent_covered": 100.0, "percent_covered_display": "100", "missing_lines": 0, "excluded_lines": 0, "percent_statements_covered": 100.0, "percent_statements_covered_display": "100", "num_branches": 0, "num_partial_branches": 0, "covered_branches": 0, "missing_branches": 0, "percent_branches_covered": 100.0, "percent_branches_covered_display": "100"}, "missing_lines": [], "excluded_lines": [], "start_line": 1, "executed_branches": [], "missing_branches": []}}, "classes": {"DatasetAnalysisManager": {"executed_lines": [34, 35, 36, 37, 41, 42, 43, 44, 45, 49, 50, 51, 52, 53, 54, 55, 56, 57, 58, 59, 61, 62, 63, 64, 65, 66, 67, 73, 74, 75, 76, 77, 78, 79, 81, 82, 83, 84, 86, 87, 88, 89, 90, 91, 92, 94, 95, 96, 98, 99, 100, 101, 102, 103, 104, 105, 106, 107, 108, 109, 111, 123, 124, 125, 126, 127, 128, 129, 130, 131, 133, 134, 143, 144, 145, 146, 155, 162, 164, 166, 168, 182, 183, 185, 186, 188, 190, 194, 195, 196, 197, 198, 199, 200, 201, 202, 203, 204, 206, 207, 208, 209, 217, 225, 226, 227, 228, 229, 230, 231, 232, 233, 235, 236, 237, 238, 239, 240, 241, 243, 244, 245, 246, 247, 257, 258, 259, 260, 261, 262, 269, 278, 279, 280, 282, 283, 284, 285, 301, 302, 304, 312, 314, 325, 327], "summary": {"covered_lines": 145, "num_statements": 174, "percent_covered": 75.20661157024793, "percent_covered_display": "75", "missing_lines": 29, "excluded_lines": 0, "percent_statements_covered": 83.33333333333333, "percent_statements_covered_display": "83", "num_branches": 68, "num_partial_branches": 21, "covered_branches": 37, "missing_branches": 31, "percent_branches_covered": 54.411764705882355, "percent_branches_covered_display": "54"}, "missing_lines": [69, 70, 71, 72, 153, 165, 210, 211, 212, 214, 215, 248, 249, 250, 251, 253, 254, 255, 281, 290, 291, 292, 293, 294, 295, 296, 303, 313, 326], "excluded_lines": [], "start_line": 24, "executed_branches": [[42, 43], [42, 44], [61, 62], [61, 123], [66, 67], [76, 77], [76, 81], [86, 61], [86, 87], [88, 89], [94, 95], [100, 101], [104, 105], [107, 108], [124, 125], [126, 127], [128, 129], [130, 131], [133, 134], [133, 155], [144, 145], [164, 166], [182, 183], [182, 185], [195, 196], [200, 201], [207, 208], [225, 226], [225, 229], [235, 236], [244, 245], [257, 258], [257, 280], [280, 282], [302, 304], [312, 314], [325, 327]], "missing_branches": [[66, 69], [88, 94], [94, 98], [100, 111], [104, 111], [107, 111], [124, 126], [126, 128], [128, 130], [130, 133], [144, 153], [164, 165], [195, 197], [200, 235], [207, 210], [210, 211], [210, 214], [235, -192], [244, 248], [248, 249], [248, 253], [280, 281], [290, 291], [290, 292], [292, 293], [292, 294], [294, 295], [294, 296], [302, 303], [312, 313], [325, 326]]}, "": {"executed_lines": [1, 2, 3, 4, 6, 7, 8, 9, 10, 12, 18, 19, 20, 21, 24, 27, 39, 192, 287, 288, 298, 299, 309, 310, 322, 323], "summary": {"covered_lines": 26, "num_statements": 26, "percent_covered": 100.0, "percent_covered_display": "100", "missing_lines": 0, "excluded_lines": 0, "percent_statements_covered": 100.0, "percent_statements_covered_display": "100", "num_branches": 0, "num_partial_branches": 0, "covered_branches": 0, "missing_branches": 0, "percent_branches_covered": 100.0, "percent_branches_covered_display": "100"}, "missing_lines": [], "excluded_lines": [], "start_line": 1, "executed_branches": [], "missing_branches": []}}}, "src/dpeva/analysis/managers.py": {"executed_lines": [1, 2, 3, 4, 5, 6, 7, 9, 10, 11, 19, 20, 23, 25, 26, 27, 28, 29, 30, 31, 32, 33, 36, 43, 44, 45, 47, 54, 55, 56, 58, 60, 85, 87, 88, 89, 115, 117, 118, 120, 122, 124, 140, 146, 154, 155, 156, 157, 158, 159, 161, 184, 187, 188, 190, 191, 198, 199, 201, 202, 208, 209, 215, 216, 217, 218, 219, 220, 222, 236, 240, 241, 245, 247, 248, 249, 250, 251, 253, 254, 255, 261, 263, 264, 265, 267, 283, 284, 285, 286, 287, 300, 301, 316, 317, 318, 319, 322, 323, 325, 326, 327, 328, 329, 331, 332, 333, 334, 335, 337, 351, 352, 354, 383, 384, 385, 386, 387, 396, 397, 398, 412, 413, 414, 415, 416, 432, 435, 436, 438, 441, 442, 443, 444, 446, 447, 448, 449, 451, 453, 455, 457, 467, 468], "summary": {"covered_lines": 144, "num_statements": 208, "percent_covered": 63.333333333333336, "percent_covered_display": "63", "missing_lines": 64, "excluded_lines": 0, "percent_statements_covered": 69.23076923076923, "percent_statements_covered_display": "69", "num_branches": 92, "num_partial_branches": 18, "covered_branches": 46, "missing_branches": 46, "percent_branches_covered": 50.0, "percent_branches_covered_display": "50"}, "missing_lines": [65, 66, 68, 69, 70, 71, 72, 74, 75, 77, 78, 79, 80, 82, 83, 91, 92, 93, 95, 96, 98, 99, 100, 101, 102, 103, 105, 106, 107, 109, 110, 111, 112, 113, 126, 128, 129, 130, 131, 132, 133, 134, 136, 137, 192, 194, 195, 320, 355, 364, 365, 366, 367, 368, 369, 430, 439, 459, 460, 461, 462, 463, 464, 465], "excluded_lines": [], "executed_branches": [[27, 28], [27, 31], [28, 29], [28, 30], [31, 32], [31, 33], [87, 88], [190, 191], [190, 198], [191, 198], [201, 202], [201, 215], [208, 209], [217, 218], [217, 222], [219, 220], [254, -245], [254, 255], [264, 265], [284, -267], [284, 285], [286, 287], [300, 301], [317, 318], [317, 337], [319, 322], [326, 327], [328, 329], [332, 333], [334, 335], [354, 383], [385, 386], [385, 412], [396, 397], [412, 413], [412, 432], [415, 416], [435, 436], [435, 438], [438, 441], [441, 442], [441, 446], [443, 444], [446, 447], [446, 451], [448, 449]], "missing_branches": [[68, 69], [68, 77], [69, 68], [69, 70], [71, 72], [71, 74], [74, 68], [74, 75], [87, 91], [98, 99], [98, 109], [105, 98], [105, 106], [128, 129], [128, 130], [130, 131], [130, 132], [132, 133], [132, 134], [191, 192], [208, 215], [219, 222], [264, -261], [286, -267], [300, -267], [319, 320], [326, 328], [328, 331], [332, 334], [334, 337], [354, 355], [364, 365], [364, 383], [366, 367], [366, 383], [396, 412], [415, 430], [438, 439], [443, 446], [448, 451], [459, 460], [459, 461], [461, 462], [461, 463], [463, 464], [463, 465]], "functions": {"describe_analysis_plot_level": {"executed_lines": [25, 26, 27, 28, 29, 30, 31, 32, 33], "summary": {"covered_lines": 9, "num_statements": 9, "percent_covered": 100.0, "percent_covered_display": "100", "missing_lines": 0, "excluded_lines": 0, "percent_statements_covered": 100.0, "percent_statements_covered_display": "100", "num_branches": 6, "num_partial_branches": 0, "covered_branches": 6, "missing_branches": 0, "percent_branches_covered": 100.0, "percent_branches_covered_display": "100"}, "missing_lines": [], "excluded_lines": [], "start_line": 23, "executed_branches": [[27, 28], [27, 31], [28, 29], [28, 30], [31, 32], [31, 33]], "missing_branches": []}, "AnalysisIOManager.__init__": {"executed_lines": [44, 45], "summary": {"covered_lines": 2, "num_statements": 2, "percent_covered": 100.0, "percent_covered_display": "100", "missing_lines": 0, "excluded_lines": 0, "percent_statements_covered": 100.0, "percent_statements_covered_display": "100", "num_branches": 0, "num_partial_branches": 0, "covered_branches": 0, "missing_branches": 0, "percent_branches_covered": 100.0, "percent_branches_covered_display": "100"}, "missing_lines": [], "excluded_lines": [], "start_line": 43, "executed_branches": [], "missing_branches": []}, "AnalysisIOManager.load_data": {"executed_lines": [54, 55, 56, 58], "summary": {"covered_lines": 4, "num_statements": 4, "percent_covered": 100.0, "percent_covered_display": "100", "missing_lines": 0, "excluded_lines": 0, "percent_statements_covered": 100.0, "percent_statements_covered_display": "100", "num_branches": 0, "num_partial_branches": 0, "covered_branches": 0, "missing_branches": 0, "percent_branches_covered": 100.0, "percent_branches_covered_display": "100"}, "missing_lines": [], "excluded_lines": [], "start_line": 47, "executed_branches": [], "missing_branches": []}, "AnalysisIOManager.discover_models": {"executed_lines": [], "summary": {"covered_lines": 0, "num_statements": 15, "percent_covered": 0.0, "percent_covered_display": "0", "missing_lines": 15, "excluded_lines": 0, "percent_statements_covered": 0.0, "percent_statements_covered_display": "0", "num_branches": 8, "num_partial_branches": 0, "covered_branches": 0, "missing_branches": 8, "percent_branches_covered": 0.0, "percent_branches_covered_display": "0"}, "missing_lines": [65, 66, 68, 69, 70, 71, 72, 74, 75, 77, 78, 79, 80, 82, 83], "excluded_lines": [], "start_line": 60, "executed_branches": [], "missing_branches": [[68, 69], [68, 77], [69, 68], [69, 70], [71, 72], [71, 74], [74, 68], [74, 75]]}, "AnalysisIOManager.load_composition_info": {"executed_lines": [87, 88, 89], "summary": {"covered_lines": 3, "num_statements": 22, "percent_covered": 14.285714285714286, "percent_covered_display": "14", "missing_lines": 19, "excluded_lines": 0, "percent_statements_covered": 13.636363636363637, "percent_statements_covered_display": "14", "num_branches": 6, "num_partial_branches": 1, "covered_branches": 1, "missing_branches": 5, "percent_branches_covered": 16.666666666666668, "percent_branches_covered_display": "17"}, "missing_lines": [91, 92, 93, 95, 96, 98, 99, 100, 101, 102, 103, 105, 106, 107, 109, 110, 111, 112, 113], "excluded_lines": [], "start_line": 85, "executed_branches": [[87, 88]], "missing_branches": [[87, 91], [98, 99], [98, 109], [105, 98], [105, 106]]}, "AnalysisIOManager.save_metrics": {"executed_lines": [117, 118], "summary": {"covered_lines": 2, "num_statements": 2, "percent_covered": 100.0, "percent_covered_display": "100", "missing_lines": 0, "excluded_lines": 0, "percent_statements_covered": 100.0, "percent_statements_covered_display": "100", "num_branches": 0, "num_partial_branches": 0, "covered_branches": 0, "missing_branches": 0, "percent_branches_covered": 100.0, "percent_branches_covered_display": "100"}, "missing_lines": [], "excluded_lines": [], "start_line": 115, "executed_branches": [], "missing_branches": []}, "AnalysisIOManager.save_summary_csv": {"executed_lines": [122], "summary": {"covered_lines": 1, "num_statements": 1, "percent_covered": 100.0, "percent_covered_display": "100", "missing_lines": 0, "excluded_lines": 0, "percent_statements_covered": 100.0, "percent_statements_covered_display": "100", "num_branches": 0, "num_partial_branches": 0, "covered_branches": 0, "missing_branches": 0, "percent_branches_covered": 100.0, "percent_branches_covered_display": "100"}, "missing_lines": [], "excluded_lines": [], "start_line": 120, "executed_branches": [], "missing_branches": []}, "AnalysisIOManager.save_stats_desc": {"executed_lines": [], "summary": {"covered_lines": 0, "num_statements": 3, "percent_covered": 0.0, "percent_covered_display": "0", "missing_lines": 3, "excluded_lines": 0, "percent_statements_covered": 0.0, "percent_statements_covered_display": "0", "num_branches": 0, "num_partial_branches": 0, "covered_branches": 0, "missing_branches": 0, "percent_branches_covered": 100.0, "percent_branches_covered_display": "100"}, "missing_lines": [126, 136, 137], "excluded_lines": [], "start_line": 124, "executed_branches": [], "missing_branches": []}, "AnalysisIOManager.save_stats_desc.default": {"executed_lines": [], "summary": {"covered_lines": 0, "num_statements": 7, "percent_covered": 0.0, "percent_covered_display": "0", "missing_lines": 7, "excluded_lines": 0, "percent_statements_covered": 0.0, "percent_statements_covered_display": "0", "num_branches": 6, "num_partial_branches": 0, "covered_branches": 0, "missing_branches": 6, "percent_branches_covered": 0.0, "percent_branches_covered_display": "0"}, "missing_lines": [128, 129, 130, 131, 132, 133, 134], "excluded_lines": [], "start_line": 126, "executed_branches": [], "missing_branches": [[128, 129], [128, 130], [130, 131], [130, 132], [132, 133], [132, 134]]}, "UnifiedAnalysisManager.__init__": {"executed_lines": [154, 155, 156, 157, 158, 159], "summary": {"covered_lines": 6, "num_statements": 6, "percent_covered": 100.0, "percent_covered_display": "100", "missing_lines": 0, "excluded_lines": 0, "percent_statements_covered": 100.0, "percent_statements_covered_display": "100", "num_branches": 0, "num_partial_branches": 0, "covered_branches": 0, "missing_branches": 0, "percent_branches_covered": 100.0, "percent_branches_covered_display": "100"}, "missing_lines": [], "excluded_lines": [], "start_line": 146, "executed_branches": [], "missing_branches": []}, "UnifiedAnalysisManager.analyze_model": {"executed_lines": [184, 187, 188, 190, 191, 198, 199, 201, 202, 208, 209, 215, 216, 217, 218, 219, 220, 222, 236, 240, 241, 245, 261, 267, 316, 317, 318, 319, 322, 323, 325, 326, 327, 328, 329, 331, 332, 333, 334, 335, 337, 351, 352, 354, 383, 384, 385, 386, 387, 396, 397, 398, 412, 413, 414, 415, 416, 432, 435, 436, 438, 441, 442, 443, 444, 446, 447, 448, 449, 451, 453], "summary": {"covered_lines": 71, "num_statements": 84, "percent_covered": 76.86567164179104, "percent_covered_display": "77", "missing_lines": 13, "excluded_lines": 0, "percent_statements_covered": 84.52380952380952, "percent_statements_covered_display": "85", "num_branches": 50, "num_partial_branches": 14, "covered_branches": 32, "missing_branches": 18, "percent_branches_covered": 64.0, "percent_branches_covered_display": "64"}, "missing_lines": [192, 194, 195, 320, 355, 364, 365, 366, 367, 368, 369, 430, 439], "excluded_lines": [], "start_line": 161, "executed_branches": [[190, 191], [190, 198], [191, 198], [201, 202], [201, 215], [208, 209], [217, 218], [217, 222], [219, 220], [317, 318], [317, 337], [319, 322], [326, 327], [328, 329], [332, 333], [334, 335], [354, 383], [385, 386], [385, 412], [396, 397], [412, 413], [412, 432], [415, 416], [435, 436], [435, 438], [438, 441], [441, 442], [441, 446], [443, 444], [446, 447], [446, 451], [448, 449]], "missing_branches": [[191, 192], [208, 215], [219, 222], [319, 320], [326, 328], [328, 331], [332, 334], [334, 337], [354, 355], [364, 365], [364, 383], [366, 367], [366, 383], [396, 412], [415, 430], [438, 439], [443, 446], [448, 451]]}, "UnifiedAnalysisManager.analyze_model.safe_plot": {"executed_lines": [247, 248, 249, 250, 251, 253, 254, 255], "summary": {"covered_lines": 8, "num_statements": 8, "percent_covered": 100.0, "percent_covered_display": "100", "missing_lines": 0, "excluded_lines": 0, "percent_statements_covered": 100.0, "percent_statements_covered_display": "100", "num_branches": 2, "num_partial_branches": 0, "covered_branches": 2, "missing_branches": 0, "percent_branches_covered": 100.0, "percent_branches_covered_display": "100"}, "missing_lines": [], "excluded_lines": [], "start_line": 245, "executed_branches": [[254, -245], [254, 255]], "missing_branches": []}, "UnifiedAnalysisManager.analyze_model.plot_parity_family": {"executed_lines": [263, 264, 265], "summary": {"covered_lines": 3, "num_statements": 3, "percent_covered": 80.0, "percent_covered_display": "80", "missing_lines": 0, "excluded_lines": 0, "percent_statements_covered": 100.0, "percent_statements_covered_display": "100", "num_branches": 2, "num_partial_branches": 1, "covered_branches": 1, "missing_branches": 1, "percent_branches_covered": 50.0, "percent_branches_covered_display": "50"}, "missing_lines": [], "excluded_lines": [], "start_line": 261, "executed_branches": [[264, 265]], "missing_branches": [[264, -261]]}, "UnifiedAnalysisManager.analyze_model.plot_distribution_family": {"executed_lines": [283, 284, 285, 286, 287, 300, 301], "summary": {"covered_lines": 7, "num_statements": 7, "percent_covered": 84.61538461538461, "percent_covered_display": "85", "missing_lines": 0, "excluded_lines": 0, "percent_statements_covered": 100.0, "percent_statements_covered_display": "100", "num_branches": 6, "num_partial_branches": 2, "covered_branches": 4, "missing_branches": 2, "percent_branches_covered": 66.66666666666667, "percent_branches_covered_display": "67"}, "missing_lines": [], "excluded_lines": [], "start_line": 267, "executed_branches": [[284, -267], [284, 285], [286, 287], [300, 301]], "missing_branches": [[286, -267], [300, -267]]}, "UnifiedAnalysisManager.save_statistics": {"executed_lines": [457, 467, 468], "summary": {"covered_lines": 3, "num_statements": 3, "percent_covered": 100.0, "percent_covered_display": "100", "missing_lines": 0, "excluded_lines": 0, "percent_statements_covered": 100.0, "percent_statements_covered_display": "100", "num_branches": 0, "num_partial_branches": 0, "covered_branches": 0, "missing_branches": 0, "percent_branches_covered": 100.0, "percent_branches_covered_display": "100"}, "missing_lines": [], "excluded_lines": [], "start_line": 455, "executed_branches": [], "missing_branches": []}, "UnifiedAnalysisManager.save_statistics.default": {"executed_lines": [], "summary": {"covered_lines": 0, "num_statements": 7, "percent_covered": 0.0, "percent_covered_display": "0", "missing_lines": 7, "excluded_lines": 0, "percent_statements_covered": 0.0, "percent_statements_covered_display": "0", "num_branches": 6, "num_partial_branches": 0, "covered_branches": 0, "missing_branches": 6, "percent_branches_covered": 0.0, "percent_branches_covered_display": "0"}, "missing_lines": [459, 460, 461, 462, 463, 464, 465], "excluded_lines": [], "start_line": 457, "executed_branches": [], "missing_branches": [[459, 460], [459, 461], [461, 462], [461, 463], [463, 464], [463, 465]]}, "": {"executed_lines": [1, 2, 3, 4, 5, 6, 7, 9, 10, 11, 19, 20, 23, 36, 43, 47, 60, 85, 115, 120, 124, 140, 146, 161, 455], "summary": {"covered_lines": 25, "num_statements": 25, "percent_covered": 100.0, "percent_covered_display": "100", "missing_lines": 0, "excluded_lines": 0, "percent_statements_covered": 100.0, "percent_statements_covered_display": "100", "num_branches": 0, "num_partial_branches": 0, "covered_branches": 0, "missing_branches": 0, "percent_branches_covered": 100.0, "percent_branches_covered_display": "100"}, "missing_lines": [], "excluded_lines": [], "start_line": 1, "executed_branches": [], "missing_branches": []}}, "classes": {"AnalysisIOManager": {"executed_lines": [44, 45, 54, 55, 56, 58, 87, 88, 89, 117, 118, 122], "summary": {"covered_lines": 12, "num_statements": 56, "percent_covered": 17.105263157894736, "percent_covered_display": "17", "missing_lines": 44, "excluded_lines": 0, "percent_statements_covered": 21.428571428571427, "percent_statements_covered_display": "21", "num_branches": 20, "num_partial_branches": 1, "covered_branches": 1, "missing_branches": 19, "percent_branches_covered": 5.0, "percent_branches_covered_display": "5"}, "missing_lines": [65, 66, 68, 69, 70, 71, 72, 74, 75, 77, 78, 79, 80, 82, 83, 91, 92, 93, 95, 96, 98, 99, 100, 101, 102, 103, 105, 106, 107, 109, 110, 111, 112, 113, 126, 128, 129, 130, 131, 132, 133, 134, 136, 137], "excluded_lines": [], "start_line": 36, "executed_branches": [[87, 88]], "missing_branches": [[68, 69], [68, 77], [69, 68], [69, 70], [71, 72], [71, 74], [74, 68], [74, 75], [87, 91], [98, 99], [98, 109], [105, 98], [105, 106], [128, 129], [128, 130], [130, 131], [130, 132], [132, 133], [132, 134]]}, "UnifiedAnalysisManager": {"executed_lines": [154, 155, 156, 157, 158, 159, 184, 187, 188, 190, 191, 198, 199, 201, 202, 208, 209, 215, 216, 217, 218, 219, 220, 222, 236, 240, 241, 245, 247, 248, 249, 250, 251, 253, 254, 255, 261, 263, 264, 265, 267, 283, 284, 285, 286, 287, 300, 301, 316, 317, 318, 319, 322, 323, 325, 326, 327, 328, 329, 331, 332, 333, 334, 335, 337, 351, 352, 354, 383, 384, 385, 386, 387, 396, 397, 398, 412, 413, 414, 415, 416, 432, 435, 436, 438, 441, 442, 443, 444, 446, 447, 448, 449, 451, 453, 457, 467, 468], "summary": {"covered_lines": 98, "num_statements": 118, "percent_covered": 74.45652173913044, "percent_covered_display": "74", "missing_lines": 20, "excluded_lines": 0, "percent_statements_covered": 83.05084745762711, "percent_statements_covered_display": "83", "num_branches": 66, "num_partial_branches": 17, "covered_branches": 39, "missing_branches": 27, "percent_branches_covered": 59.09090909090909, "percent_branches_covered_display": "59"}, "missing_lines": [192, 194, 195, 320, 355, 364, 365, 366, 367, 368, 369, 430, 439, 459, 460, 461, 462, 463, 464, 465], "excluded_lines": [], "start_line": 140, "executed_branches": [[190, 191], [190, 198], [191, 198], [201, 202], [201, 215], [208, 209], [217, 218], [217, 222], [219, 220], [254, -245], [254, 255], [264, 265], [284, -267], [284, 285], [286, 287], [300, 301], [317, 318], [317, 337], [319, 322], [326, 327], [328, 329], [332, 333], [334, 335], [354, 383], [385, 386], [385, 412], [396, 397], [412, 413], [412, 432], [415, 416], [435, 436], [435, 438], [438, 441], [441, 442], [441, 446], [443, 444], [446, 447], [446, 451], [448, 449]], "missing_branches": [[191, 192], [208, 215], [219, 222], [264, -261], [286, -267], [300, -267], [319, 320], [326, 328], [328, 331], [332, 334], [334, 337], [354, 355], [364, 365], [364, 383], [366, 367], [366, 383], [396, 412], [415, 430], [438, 439], [443, 446], [448, 451], [459, 460], [459, 461], [461, 462], [461, 463], [463, 464], [463, 465]]}, "": {"executed_lines": [1, 2, 3, 4, 5, 6, 7, 9, 10, 11, 19, 20, 23, 25, 26, 27, 28, 29, 30, 31, 32, 33, 36, 43, 47, 60, 85, 115, 120, 124, 140, 146, 161, 455], "summary": {"covered_lines": 34, "num_statements": 34, "percent_covered": 100.0, "percent_covered_display": "100", "missing_lines": 0, "excluded_lines": 0, "percent_statements_covered": 100.0, "percent_statements_covered_display": "100", "num_branches": 6, "num_partial_branches": 0, "covered_branches": 6, "missing_branches": 0, "percent_branches_covered": 100.0, "percent_branches_covered_display": "100"}, "missing_lines": [], "excluded_lines": [], "start_line": 1, "executed_branches": [[27, 28], [27, 31], [28, 29], [28, 30], [31, 32], [31, 33]], "missing_branches": []}}}, "src/dpeva/cli.py": {"executed_lines": [11, 12, 13, 14, 15, 16, 17, 22, 25, 26, 29, 30, 31, 32, 33, 37, 38, 39, 41, 43, 47, 50, 52, 54, 64, 65, 66, 67, 68, 77, 90, 103, 116, 130, 138, 139, 140, 141, 143, 151, 152, 154, 156, 157, 158, 159, 160, 161, 162, 163, 164, 165, 166, 167, 168, 169, 170, 171, 173, 181, 182, 183, 184, 186, 191, 192, 193, 195, 198, 199, 200, 203, 204, 205, 208, 209, 210, 213, 214, 215, 218, 219, 220, 223, 237, 238, 244, 246, 247, 248, 250, 252, 255, 256, 257, 260, 261, 262, 264], "summary": {"covered_lines": 99, "num_statements": 127, "percent_covered": 77.85234899328859, "percent_covered_display": "78", "missing_lines": 28, "excluded_lines": 0, "percent_statements_covered": 77.95275590551181, "percent_statements_covered_display": "78", "num_branches": 22, "num_partial_branches": 5, "covered_branches": 17, "missing_branches": 5, "percent_branches_covered": 77.27272727272727, "percent_branches_covered_display": "77"}, "missing_lines": [40, 42, 44, 71, 72, 73, 74, 75, 85, 86, 87, 88, 98, 99, 100, 101, 111, 112, 113, 114, 124, 125, 127, 128, 253, 258, 259, 265], "excluded_lines": [], "executed_branches": [[32, 33], [32, 37], [37, 38], [37, 39], [39, 41], [41, 43], [43, 47], [159, 160], [159, 162], [162, 163], [162, 165], [165, 166], [165, 168], [168, 169], [168, 171], [252, 255], [264, -1]], "missing_branches": [[39, 40], [41, 42], [43, 44], [252, 253], [264, 265]], "functions": {"validate_config_path": {"executed_lines": [30, 31, 32, 33, 37, 38, 39, 41, 43, 47], "summary": {"covered_lines": 10, "num_statements": 13, "percent_covered": 73.91304347826087, "percent_covered_display": "74", "missing_lines": 3, "excluded_lines": 0, "percent_statements_covered": 76.92307692307692, "percent_statements_covered_display": "77", "num_branches": 10, "num_partial_branches": 3, "covered_branches": 7, "missing_branches": 3, "percent_branches_covered": 70.0, "percent_branches_covered_display": "70"}, "missing_lines": [40, 42, 44], "excluded_lines": [], "start_line": 29, "executed_branches": [[32, 33], [32, 37], [37, 38], [37, 39], [39, 41], [41, 43], [43, 47]], "missing_branches": [[39, 40], [41, 42], [43, 44]]}, "setup_global_logging": {"executed_lines": [52], "summary": {"covered_lines": 1, "num_statements": 1, "percent_covered": 100.0, "percent_covered_display": "100", "missing_lines": 0, "excluded_lines": 0, "percent_statements_covered": 100.0, "percent_statements_covered_display": "100", "num_branches": 0, "num_partial_branches": 0, "covered_branches": 0, "missing_branches": 0, "percent_branches_covered": 100.0, "percent_branches_covered_display": "100"}, "missing_lines": [], "excluded_lines": [], "start_line": 50, "executed_branches": [], "missing_branches": []}, "load_and_resolve_config": {"executed_lines": [64, 65, 66, 67, 68], "summary": {"covered_lines": 5, "num_statements": 10, "percent_covered": 50.0, "percent_covered_display": "50", "missing_lines": 5, "excluded_lines": 0, "percent_statements_covered": 50.0, "percent_statements_covered_display": "50", "num_branches": 0, "num_partial_branches": 0, "covered_branches": 0, "missing_branches": 0, "percent_branches_covered": 100.0, "percent_branches_covered_display": "100"}, "missing_lines": [71, 72, 73, 74, 75], "excluded_lines": [], "start_line": 54, "executed_branches": [], "missing_branches": []}, "handle_train": {"executed_lines": [], "summary": {"covered_lines": 0, "num_statements": 4, "percent_covered": 0.0, "percent_covered_display": "0", "missing_lines": 4, "excluded_lines": 0, "percent_statements_covered": 0.0, "percent_statements_covered_display": "0", "num_branches": 0, "num_partial_branches": 0, "covered_branches": 0, "missing_branches": 0, "percent_branches_covered": 100.0, "percent_branches_covered_display": "100"}, "missing_lines": [85, 86, 87, 88], "excluded_lines": [], "start_line": 77, "executed_branches": [], "missing_branches": []}, "handle_infer": {"executed_lines": [], "summary": {"covered_lines": 0, "num_statements": 4, "percent_covered": 0.0, "percent_covered_display": "0", "missing_lines": 4, "excluded_lines": 0, "percent_statements_covered": 0.0, "percent_statements_covered_display": "0", "num_branches": 0, "num_partial_branches": 0, "covered_branches": 0, "missing_branches": 0, "percent_branches_covered": 100.0, "percent_branches_covered_display": "100"}, "missing_lines": [98, 99, 100, 101], "excluded_lines": [], "start_line": 90, "executed_branches": [], "missing_branches": []}, "handle_feature": {"executed_lines": [], "summary": {"covered_lines": 0, "num_statements": 4, "percent_covered": 0.0, "percent_covered_display": "0", "missing_lines": 4, "excluded_lines": 0, "percent_statements_covered": 0.0, "percent_statements_covered_display": "0", "num_branches": 0, "num_partial_branches": 0, "covered_branches": 0, "missing_branches": 0, "percent_branches_covered": 100.0, "percent_branches_covered_display": "100"}, "missing_lines": [111, 112, 113, 114], "excluded_lines": [], "start_line": 103, "executed_branches": [], "missing_branches": []}, "handle_collect": {"executed_lines": [], "summary": {"covered_lines": 0, "num_statements": 4, "percent_covered": 0.0, "percent_covered_display": "0", "missing_lines": 4, "excluded_lines": 0, "percent_statements_covered": 0.0, "percent_statements_covered_display": "0", "num_branches": 0, "num_partial_branches": 0, "covered_branches": 0, "missing_branches": 0, "percent_branches_covered": 100.0, "percent_branches_covered_display": "100"}, "missing_lines": [124, 125, 127, 128], "excluded_lines": [], "start_line": 116, "executed_branches": [], "missing_branches": []}, "handle_analysis": {"executed_lines": [138, 139, 140, 141], "summary": {"covered_lines": 4, "num_statements": 4, "percent_covered": 100.0, "percent_covered_display": "100", "missing_lines": 0, "excluded_lines": 0, "percent_statements_covered": 100.0, "percent_statements_covered_display": "100", "num_branches": 0, "num_partial_branches": 0, "covered_branches": 0, "missing_branches": 0, "percent_branches_covered": 100.0, "percent_branches_covered_display": "100"}, "missing_lines": [], "excluded_lines": [], "start_line": 130, "executed_branches": [], "missing_branches": []}, "handle_label": {"executed_lines": [151, 152, 154, 156, 157, 158, 159, 160, 161, 162, 163, 164, 165, 166, 167, 168, 169, 170, 171], "summary": {"covered_lines": 19, "num_statements": 19, "percent_covered": 100.0, "percent_covered_display": "100", "missing_lines": 0, "excluded_lines": 0, "percent_statements_covered": 100.0, "percent_statements_covered_display": "100", "num_branches": 8, "num_partial_branches": 0, "covered_branches": 8, "missing_branches": 0, "percent_branches_covered": 100.0, "percent_branches_covered_display": "100"}, "missing_lines": [], "excluded_lines": [], "start_line": 143, "executed_branches": [[159, 160], [159, 162], [162, 163], [162, 165], [165, 166], [165, 168], [168, 169], [168, 171]], "missing_branches": []}, "handle_clean": {"executed_lines": [181, 182, 183, 184], "summary": {"covered_lines": 4, "num_statements": 4, "percent_covered": 100.0, "percent_covered_display": "100", "missing_lines": 0, "excluded_lines": 0, "percent_statements_covered": 100.0, "percent_statements_covered_display": "100", "num_branches": 0, "num_partial_branches": 0, "covered_branches": 0, "missing_branches": 0, "percent_branches_covered": 100.0, "percent_branches_covered_display": "100"}, "missing_lines": [], "excluded_lines": [], "start_line": 173, "executed_branches": [], "missing_branches": []}, "main": {"executed_lines": [191, 192, 193, 195, 198, 199, 200, 203, 204, 205, 208, 209, 210, 213, 214, 215, 218, 219, 220, 223, 237, 238, 244, 246, 247, 248, 250, 252, 255, 256, 257, 260, 261, 262], "summary": {"covered_lines": 34, "num_statements": 37, "percent_covered": 89.74358974358974, "percent_covered_display": "90", "missing_lines": 3, "excluded_lines": 0, "percent_statements_covered": 91.89189189189189, "percent_statements_covered_display": "92", "num_branches": 2, "num_partial_branches": 1, "covered_branches": 1, "missing_branches": 1, "percent_branches_covered": 50.0, "percent_branches_covered_display": "50"}, "missing_lines": [253, 258, 259], "excluded_lines": [], "start_line": 186, "executed_branches": [[252, 255]], "missing_branches": [[252, 253]]}, "": {"executed_lines": [11, 12, 13, 14, 15, 16, 17, 22, 25, 26, 29, 50, 54, 77, 90, 103, 116, 130, 143, 173, 186, 264], "summary": {"covered_lines": 22, "num_statements": 23, "percent_covered": 92.0, "percent_covered_display": "92", "missing_lines": 1, "excluded_lines": 0, "percent_statements_covered": 95.65217391304348, "percent_statements_covered_display": "96", "num_branches": 2, "num_partial_branches": 1, "covered_branches": 1, "missing_branches": 1, "percent_branches_covered": 50.0, "percent_branches_covered_display": "50"}, "missing_lines": [265], "excluded_lines": [], "start_line": 1, "executed_branches": [[264, -1]], "missing_branches": [[264, 265]]}}, "classes": {"CLIUserInputError": {"executed_lines": [], "summary": {"covered_lines": 0, "num_statements": 0, "percent_covered": 100.0, "percent_covered_display": "100", "missing_lines": 0, "excluded_lines": 0, "percent_statements_covered": 100.0, "percent_statements_covered_display": "100", "num_branches": 0, "num_partial_branches": 0, "covered_branches": 0, "missing_branches": 0, "percent_branches_covered": 100.0, "percent_branches_covered_display": "100"}, "missing_lines": [], "excluded_lines": [], "start_line": 25, "executed_branches": [], "missing_branches": []}, "": {"executed_lines": [11, 12, 13, 14, 15, 16, 17, 22, 25, 26, 29, 30, 31, 32, 33, 37, 38, 39, 41, 43, 47, 50, 52, 54, 64, 65, 66, 67, 68, 77, 90, 103, 116, 130, 138, 139, 140, 141, 143, 151, 152, 154, 156, 157, 158, 159, 160, 161, 162, 163, 164, 165, 166, 167, 168, 169, 170, 171, 173, 181, 182, 183, 184, 186, 191, 192, 193, 195, 198, 199, 200, 203, 204, 205, 208, 209, 210, 213, 214, 215, 218, 219, 220, 223, 237, 238, 244, 246, 247, 248, 250, 252, 255, 256, 257, 260, 261, 262, 264], "summary": {"covered_lines": 99, "num_statements": 127, "percent_covered": 77.85234899328859, "percent_covered_display": "78", "missing_lines": 28, "excluded_lines": 0, "percent_statements_covered": 77.95275590551181, "percent_statements_covered_display": "78", "num_branches": 22, "num_partial_branches": 5, "covered_branches": 17, "missing_branches": 5, "percent_branches_covered": 77.27272727272727, "percent_branches_covered_display": "77"}, "missing_lines": [40, 42, 44, 71, 72, 73, 74, 75, 85, 86, 87, 88, 98, 99, 100, 101, 111, 112, 113, 114, 124, 125, 127, 128, 253, 258, 259, 265], "excluded_lines": [], "start_line": 1, "executed_branches": [[32, 33], [32, 37], [37, 38], [37, 39], [39, 41], [41, 43], [43, 47], [159, 160], [159, 162], [162, 163], [162, 165], [165, 166], [165, 168], [168, 169], [168, 171], [252, 255], [264, -1]], "missing_branches": [[39, 40], [41, 42], [43, 44], [252, 253], [264, 265]]}}}, "src/dpeva/config.py": {"executed_lines": [4, 6, 7, 8, 10, 12, 53, 55, 59, 63, 68, 69, 70, 72, 74, 76, 78, 80, 84, 88, 92, 97, 98, 99, 105, 106, 107, 115, 116, 117, 122, 124, 125, 126, 127, 131, 136, 138, 140, 141, 142, 144, 148, 149, 151, 153, 154, 156, 160, 162, 164, 166, 167, 168, 169, 170, 174, 178, 179, 180, 181, 185, 194, 202, 207, 211, 216, 217, 218, 219, 220, 225, 227, 228, 229, 231, 233, 235, 237, 239, 240, 241, 245, 249, 254, 259, 264, 269, 271, 272, 273, 274, 275, 279, 281, 283, 284, 287, 288, 292, 296, 297, 300, 305, 312, 315, 316, 317, 318, 321, 325, 326, 327, 328, 332, 334, 335, 336, 343, 345, 346, 347, 348, 350, 351, 352, 353, 354, 356, 358, 361, 362, 365, 366, 368, 371, 372, 373, 374, 380, 386, 392, 398, 404, 405, 409, 410, 411, 414, 415, 416, 417, 420, 421, 422, 423, 426, 429, 432, 434, 435, 438, 439, 440, 441, 442, 443, 449, 451, 452, 454, 456, 459, 461, 462, 463, 468, 471, 472, 473, 474, 478], "summary": {"covered_lines": 182, "num_statements": 204, "percent_covered": 83.05785123966942, "percent_covered_display": "83", "missing_lines": 22, "excluded_lines": 0, "percent_statements_covered": 89.2156862745098, "percent_statements_covered_display": "89", "num_branches": 38, "num_partial_branches": 11, "covered_branches": 19, "missing_branches": 19, "percent_branches_covered": 50.0, "percent_branches_covered_display": "50"}, "missing_lines": [73, 101, 102, 103, 109, 110, 111, 112, 113, 157, 158, 159, 230, 232, 234, 337, 338, 341, 457, 465, 469, 476], "excluded_lines": [], "executed_branches": [[72, 74], [122, 124], [124, 125], [124, 136], [156, 160], [219, 220], [229, 231], [231, 233], [233, 235], [454, 456], [454, 478], [456, 459], [459, 461], [459, 468], [462, 463], [468, 471], [471, 472], [471, 478], [473, 474]], "missing_branches": [[72, 73], [101, 102], [101, 103], [109, 110], [109, 111], [111, 112], [111, 113], [122, 136], [156, 157], [219, 225], [229, 230], [231, 232], [233, 234], [337, 338], [337, 341], [456, 457], [462, 465], [468, 469], [473, 476]], "functions": {"SubmissionConfig.validate_env_setup": {"executed_lines": [72, 74], "summary": {"covered_lines": 2, "num_statements": 3, "percent_covered": 60.0, "percent_covered_display": "60", "missing_lines": 1, "excluded_lines": 0, "percent_statements_covered": 66.66666666666667, "percent_statements_covered_display": "67", "num_branches": 2, "num_partial_branches": 1, "covered_branches": 1, "missing_branches": 1, "percent_branches_covered": 50.0, "percent_branches_covered_display": "50"}, "missing_lines": [73], "excluded_lines": [], "start_line": 70, "executed_branches": [[72, 74]], "missing_branches": [[72, 73]]}, "BaseWorkflowConfig.validate_dp_backend": {"executed_lines": [], "summary": {"covered_lines": 0, "num_statements": 3, "percent_covered": 0.0, "percent_covered_display": "0", "missing_lines": 3, "excluded_lines": 0, "percent_statements_covered": 0.0, "percent_statements_covered_display": "0", "num_branches": 2, "num_partial_branches": 0, "covered_branches": 0, "missing_branches": 2, "percent_branches_covered": 0.0, "percent_branches_covered_display": "0"}, "missing_lines": [101, 102, 103], "excluded_lines": [], "start_line": 99, "executed_branches": [], "missing_branches": [[101, 102], [101, 103]]}, "BaseWorkflowConfig.validate_omp_threads": {"executed_lines": [], "summary": {"covered_lines": 0, "num_statements": 5, "percent_covered": 0.0, "percent_covered_display": "0", "missing_lines": 5, "excluded_lines": 0, "percent_statements_covered": 0.0, "percent_statements_covered_display": "0", "num_branches": 4, "num_partial_branches": 0, "covered_branches": 0, "missing_branches": 4, "percent_branches_covered": 0.0, "percent_branches_covered_display": "0"}, "missing_lines": [109, 110, 111, 112, 113], "excluded_lines": [], "start_line": 107, "executed_branches": [], "missing_branches": [[109, 110], [109, 111], [111, 112], [111, 113]]}, "BaseWorkflowConfig.extract_flat_submission_config": {"executed_lines": [122, 124, 125, 126, 127, 131, 136], "summary": {"covered_lines": 7, "num_statements": 7, "percent_covered": 90.9090909090909, "percent_covered_display": "91", "missing_lines": 0, "excluded_lines": 0, "percent_statements_covered": 100.0, "percent_statements_covered_display": "100", "num_branches": 4, "num_partial_branches": 1, "covered_branches": 3, "missing_branches": 1, "percent_branches_covered": 75.0, "percent_branches_covered_display": "75"}, "missing_lines": [], "excluded_lines": [], "start_line": 117, "executed_branches": [[122, 124], [124, 125], [124, 136]], "missing_branches": [[122, 136]]}, "FeatureConfig.set_default_savedir": {"executed_lines": [156, 160], "summary": {"covered_lines": 2, "num_statements": 5, "percent_covered": 42.857142857142854, "percent_covered_display": "43", "missing_lines": 3, "excluded_lines": 0, "percent_statements_covered": 40.0, "percent_statements_covered_display": "40", "num_branches": 2, "num_partial_branches": 1, "covered_branches": 1, "missing_branches": 1, "percent_branches_covered": 50.0, "percent_branches_covered_display": "50"}, "missing_lines": [157, 158, 159], "excluded_lines": [], "start_line": 154, "executed_branches": [[156, 160]], "missing_branches": [[156, 157]]}, "AnalysisConfig.extract_flat_submission_config": {"executed_lines": [219, 220, 225], "summary": {"covered_lines": 3, "num_statements": 3, "percent_covered": 80.0, "percent_covered_display": "80", "missing_lines": 0, "excluded_lines": 0, "percent_statements_covered": 100.0, "percent_statements_covered_display": "100", "num_branches": 2, "num_partial_branches": 1, "covered_branches": 1, "missing_branches": 1, "percent_branches_covered": 50.0, "percent_branches_covered_display": "50"}, "missing_lines": [], "excluded_lines": [], "start_line": 218, "executed_branches": [[219, 220]], "missing_branches": [[219, 225]]}, "AnalysisConfig.validate_mode_paths": {"executed_lines": [229, 231, 233, 235], "summary": {"covered_lines": 4, "num_statements": 7, "percent_covered": 53.84615384615385, "percent_covered_display": "54", "missing_lines": 3, "excluded_lines": 0, "percent_statements_covered": 57.142857142857146, "percent_statements_covered_display": "57", "num_branches": 6, "num_partial_branches": 3, "covered_branches": 3, "missing_branches": 3, "percent_branches_covered": 50.0, "percent_branches_covered_display": "50"}, "missing_lines": [230, 232, 234], "excluded_lines": [], "start_line": 228, "executed_branches": [[229, 231], [231, 233], [233, 235]], "missing_branches": [[229, 230], [231, 232], [233, 234]]}, "LabelingConfig.validate_labeling_output_format": {"executed_lines": [], "summary": {"covered_lines": 0, "num_statements": 3, "percent_covered": 0.0, "percent_covered_display": "0", "missing_lines": 3, "excluded_lines": 0, "percent_statements_covered": 0.0, "percent_statements_covered_display": "0", "num_branches": 2, "num_partial_branches": 0, "covered_branches": 0, "missing_branches": 2, "percent_branches_covered": 0.0, "percent_branches_covered_display": "0"}, "missing_lines": [337, 338, 341], "excluded_lines": [], "start_line": 336, "executed_branches": [], "missing_branches": [[337, 338], [337, 341]]}, "CollectionConfig.validate_manual_trust_bounds": {"executed_lines": [454, 456, 459, 461, 462, 463, 468, 471, 472, 473, 474, 478], "summary": {"covered_lines": 12, "num_statements": 16, "percent_covered": 73.33333333333333, "percent_covered_display": "73", "missing_lines": 4, "excluded_lines": 0, "percent_statements_covered": 75.0, "percent_statements_covered_display": "75", "num_branches": 14, "num_partial_branches": 4, "covered_branches": 10, "missing_branches": 4, "percent_branches_covered": 71.42857142857143, "percent_branches_covered_display": "71"}, "missing_lines": [457, 465, 469, 476], "excluded_lines": [], "start_line": 452, "executed_branches": [[454, 456], [454, 478], [456, 459], [459, 461], [459, 468], [462, 463], [468, 471], [471, 472], [471, 478], [473, 474]], "missing_branches": [[456, 457], [462, 465], [468, 469], [473, 476]]}, "": {"executed_lines": [4, 6, 7, 8, 10, 12, 53, 55, 59, 63, 68, 69, 70, 76, 78, 80, 84, 88, 92, 97, 98, 99, 105, 106, 107, 115, 116, 117, 138, 140, 141, 142, 144, 148, 149, 151, 153, 154, 162, 164, 166, 167, 168, 169, 170, 174, 178, 179, 180, 181, 185, 194, 202, 207, 211, 216, 217, 218, 227, 228, 237, 239, 240, 241, 245, 249, 254, 259, 264, 269, 271, 272, 273, 274, 275, 279, 281, 283, 284, 287, 288, 292, 296, 297, 300, 305, 312, 315, 316, 317, 318, 321, 325, 326, 327, 328, 332, 334, 335, 336, 343, 345, 346, 347, 348, 350, 351, 352, 353, 354, 356, 358, 361, 362, 365, 366, 368, 371, 372, 373, 374, 380, 386, 392, 398, 404, 405, 409, 410, 411, 414, 415, 416, 417, 420, 421, 422, 423, 426, 429, 432, 434, 435, 438, 439, 440, 441, 442, 443, 449, 451, 452], "summary": {"covered_lines": 152, "num_statements": 152, "percent_covered": 100.0, "percent_covered_display": "100", "missing_lines": 0, "excluded_lines": 0, "percent_statements_covered": 100.0, "percent_statements_covered_display": "100", "num_branches": 0, "num_partial_branches": 0, "covered_branches": 0, "missing_branches": 0, "percent_branches_covered": 100.0, "percent_branches_covered_display": "100"}, "missing_lines": [], "excluded_lines": [], "start_line": 1, "executed_branches": [], "missing_branches": []}}, "classes": {"SubmissionConfig": {"executed_lines": [72, 74], "summary": {"covered_lines": 2, "num_statements": 3, "percent_covered": 60.0, "percent_covered_display": "60", "missing_lines": 1, "excluded_lines": 0, "percent_statements_covered": 66.66666666666667, "percent_statements_covered_display": "67", "num_branches": 2, "num_partial_branches": 1, "covered_branches": 1, "missing_branches": 1, "percent_branches_covered": 50.0, "percent_branches_covered_display": "50"}, "missing_lines": [73], "excluded_lines": [], "start_line": 53, "executed_branches": [[72, 74]], "missing_branches": [[72, 73]]}, "BaseWorkflowConfig": {"executed_lines": [122, 124, 125, 126, 127, 131, 136], "summary": {"covered_lines": 7, "num_statements": 15, "percent_covered": 40.0, "percent_covered_display": "40", "missing_lines": 8, "excluded_lines": 0, "percent_statements_covered": 46.666666666666664, "percent_statements_covered_display": "47", "num_branches": 10, "num_partial_branches": 1, "covered_branches": 3, "missing_branches": 7, "percent_branches_covered": 30.0, "percent_branches_covered_display": "30"}, "missing_lines": [101, 102, 103, 109, 110, 111, 112, 113], "excluded_lines": [], "start_line": 76, "executed_branches": [[122, 124], [124, 125], [124, 136]], "missing_branches": [[101, 102], [101, 103], [109, 110], [109, 111], [111, 112], [111, 113], [122, 136]]}, "FeatureConfig": {"executed_lines": [156, 160], "summary": {"covered_lines": 2, "num_statements": 5, "percent_covered": 42.857142857142854, "percent_covered_display": "43", "missing_lines": 3, "excluded_lines": 0, "percent_statements_covered": 40.0, "percent_statements_covered_display": "40", "num_branches": 2, "num_partial_branches": 1, "covered_branches": 1, "missing_branches": 1, "percent_branches_covered": 50.0, "percent_branches_covered_display": "50"}, "missing_lines": [157, 158, 159], "excluded_lines": [], "start_line": 138, "executed_branches": [[156, 160]], "missing_branches": [[156, 157]]}, "AnalysisConfig": {"executed_lines": [219, 220, 225, 229, 231, 233, 235], "summary": {"covered_lines": 7, "num_statements": 10, "percent_covered": 61.111111111111114, "percent_covered_display": "61", "missing_lines": 3, "excluded_lines": 0, "percent_statements_covered": 70.0, "percent_statements_covered_display": "70", "num_branches": 8, "num_partial_branches": 4, "covered_branches": 4, "missing_branches": 4, "percent_branches_covered": 50.0, "percent_branches_covered_display": "50"}, "missing_lines": [230, 232, 234], "excluded_lines": [], "start_line": 162, "executed_branches": [[219, 220], [229, 231], [231, 233], [233, 235]], "missing_branches": [[219, 225], [229, 230], [231, 232], [233, 234]]}, "DataCleaningConfig": {"executed_lines": [], "summary": {"covered_lines": 0, "num_statements": 0, "percent_covered": 100.0, "percent_covered_display": "100", "missing_lines": 0, "excluded_lines": 0, "percent_statements_covered": 100.0, "percent_statements_covered_display": "100", "num_branches": 0, "num_partial_branches": 0, "covered_branches": 0, "missing_branches": 0, "percent_branches_covered": 100.0, "percent_branches_covered_display": "100"}, "missing_lines": [], "excluded_lines": [], "start_line": 237, "executed_branches": [], "missing_branches": []}, "InferenceConfig": {"executed_lines": [], "summary": {"covered_lines": 0, "num_statements": 0, "percent_covered": 100.0, "percent_covered_display": "100", "missing_lines": 0, "excluded_lines": 0, "percent_statements_covered": 100.0, "percent_statements_covered_display": "100", "num_branches": 0, "num_partial_branches": 0, "covered_branches": 0, "missing_branches": 0, "percent_branches_covered": 100.0, "percent_branches_covered_display": "100"}, "missing_lines": [], "excluded_lines": [], "start_line": 269, "executed_branches": [], "missing_branches": []}, "LabelingConfig": {"executed_lines": [], "summary": {"covered_lines": 0, "num_statements": 3, "percent_covered": 0.0, "percent_covered_display": "0", "missing_lines": 3, "excluded_lines": 0, "percent_statements_covered": 0.0, "percent_statements_covered_display": "0", "num_branches": 2, "num_partial_branches": 0, "covered_branches": 0, "missing_branches": 2, "percent_branches_covered": 0.0, "percent_branches_covered_display": "0"}, "missing_lines": [337, 338, 341], "excluded_lines": [], "start_line": 281, "executed_branches": [], "missing_branches": [[337, 338], [337, 341]]}, "TrainingConfig": {"executed_lines": [], "summary": {"covered_lines": 0, "num_statements": 0, "percent_covered": 100.0, "percent_covered_display": "100", "missing_lines": 0, "excluded_lines": 0, "percent_statements_covered": 100.0, "percent_statements_covered_display": "100", "num_branches": 0, "num_partial_branches": 0, "covered_branches": 0, "missing_branches": 0, "percent_branches_covered": 100.0, "percent_branches_covered_display": "100"}, "missing_lines": [], "excluded_lines": [], "start_line": 343, "executed_branches": [], "missing_branches": []}, "CollectionConfig": {"executed_lines": [454, 456, 459, 461, 462, 463, 468, 471, 472, 473, 474, 478], "summary": {"covered_lines": 12, "num_statements": 16, "percent_covered": 73.33333333333333, "percent_covered_display": "73", "missing_lines": 4, "excluded_lines": 0, "percent_statements_covered": 75.0, "percent_statements_covered_display": "75", "num_branches": 14, "num_partial_branches": 4, "covered_branches": 10, "missing_branches": 4, "percent_branches_covered": 71.42857142857143, "percent_branches_covered_display": "71"}, "missing_lines": [457, 465, 469, 476], "excluded_lines": [], "start_line": 356, "executed_branches": [[454, 456], [454, 478], [456, 459], [459, 461], [459, 468], [462, 463], [468, 471], [471, 472], [471, 478], [473, 474]], "missing_branches": [[456, 457], [462, 465], [468, 469], [473, 476]]}, "": {"executed_lines": [4, 6, 7, 8, 10, 12, 53, 55, 59, 63, 68, 69, 70, 76, 78, 80, 84, 88, 92, 97, 98, 99, 105, 106, 107, 115, 116, 117, 138, 140, 141, 142, 144, 148, 149, 151, 153, 154, 162, 164, 166, 167, 168, 169, 170, 174, 178, 179, 180, 181, 185, 194, 202, 207, 211, 216, 217, 218, 227, 228, 237, 239, 240, 241, 245, 249, 254, 259, 264, 269, 271, 272, 273, 274, 275, 279, 281, 283, 284, 287, 288, 292, 296, 297, 300, 305, 312, 315, 316, 317, 318, 321, 325, 326, 327, 328, 332, 334, 335, 336, 343, 345, 346, 347, 348, 350, 351, 352, 353, 354, 356, 358, 361, 362, 365, 366, 368, 371, 372, 373, 374, 380, 386, 392, 398, 404, 405, 409, 410, 411, 414, 415, 416, 417, 420, 421, 422, 423, 426, 429, 432, 434, 435, 438, 439, 440, 441, 442, 443, 449, 451, 452], "summary": {"covered_lines": 152, "num_statements": 152, "percent_covered": 100.0, "percent_covered_display": "100", "missing_lines": 0, "excluded_lines": 0, "percent_statements_covered": 100.0, "percent_statements_covered_display": "100", "num_branches": 0, "num_partial_branches": 0, "covered_branches": 0, "missing_branches": 0, "percent_branches_covered": 100.0, "percent_branches_covered_display": "100"}, "missing_lines": [], "excluded_lines": [], "start_line": 1, "executed_branches": [], "missing_branches": []}}}, "src/dpeva/constants.py": {"executed_lines": [4, 7, 8, 9, 10, 11, 12, 13, 14, 15, 16, 17, 20, 21, 22, 23, 26, 27, 28, 31, 32, 33, 36, 37, 38, 39, 40, 43, 44, 45, 46, 52, 55, 56, 57, 60, 61, 62, 63, 64, 65, 66, 69, 72, 73, 74, 75, 76, 79, 82, 83, 84, 87, 88, 89, 90, 91, 92, 95, 98, 99, 100, 101, 102, 103, 104, 105, 106, 109, 110, 111, 112, 113, 114, 115, 116, 117, 118, 119, 120, 121, 122, 123, 124, 127, 128, 129, 132, 133, 136, 137, 138, 141, 144, 145, 146], "summary": {"covered_lines": 96, "num_statements": 96, "percent_covered": 100.0, "percent_covered_display": "100", "missing_lines": 0, "excluded_lines": 0, "percent_statements_covered": 100.0, "percent_statements_covered_display": "100", "num_branches": 0, "num_partial_branches": 0, "covered_branches": 0, "missing_branches": 0, "percent_branches_covered": 100.0, "percent_branches_covered_display": "100"}, "missing_lines": [], "excluded_lines": [], "executed_branches": [], "missing_branches": [], "functions": {"": {"executed_lines": [4, 7, 8, 9, 10, 11, 12, 13, 14, 15, 16, 17, 20, 21, 22, 23, 26, 27, 28, 31, 32, 33, 36, 37, 38, 39, 40, 43, 44, 45, 46, 52, 55, 56, 57, 60, 61, 62, 63, 64, 65, 66, 69, 72, 73, 74, 75, 76, 79, 82, 83, 84, 87, 88, 89, 90, 91, 92, 95, 98, 99, 100, 101, 102, 103, 104, 105, 106, 109, 110, 111, 112, 113, 114, 115, 116, 117, 118, 119, 120, 121, 122, 123, 124, 127, 128, 129, 132, 133, 136, 137, 138, 141, 144, 145, 146], "summary": {"covered_lines": 96, "num_statements": 96, "percent_covered": 100.0, "percent_covered_display": "100", "missing_lines": 0, "excluded_lines": 0, "percent_statements_covered": 100.0, "percent_statements_covered_display": "100", "num_branches": 0, "num_partial_branches": 0, "covered_branches": 0, "missing_branches": 0, "percent_branches_covered": 100.0, "percent_branches_covered_display": "100"}, "missing_lines": [], "excluded_lines": [], "start_line": 1, "executed_branches": [], "missing_branches": []}}, "classes": {"": {"executed_lines": [4, 7, 8, 9, 10, 11, 12, 13, 14, 15, 16, 17, 20, 21, 22, 23, 26, 27, 28, 31, 32, 33, 36, 37, 38, 39, 40, 43, 44, 45, 46, 52, 55, 56, 57, 60, 61, 62, 63, 64, 65, 66, 69, 72, 73, 74, 75, 76, 79, 82, 83, 84, 87, 88, 89, 90, 91, 92, 95, 98, 99, 100, 101, 102, 103, 104, 105, 106, 109, 110, 111, 112, 113, 114, 115, 116, 117, 118, 119, 120, 121, 122, 123, 124, 127, 128, 129, 132, 133, 136, 137, 138, 141, 144, 145, 146], "summary": {"covered_lines": 96, "num_statements": 96, "percent_covered": 100.0, "percent_covered_display": "100", "missing_lines": 0, "excluded_lines": 0, "percent_statements_covered": 100.0, "percent_statements_covered_display": "100", "num_branches": 0, "num_partial_branches": 0, "covered_branches": 0, "missing_branches": 0, "percent_branches_covered": 100.0, "percent_branches_covered_display": "100"}, "missing_lines": [], "excluded_lines": [], "start_line": 1, "executed_branches": [], "missing_branches": []}}}, "src/dpeva/feature/generator.py": {"executed_lines": [1, 2, 3, 4, 7, 8, 9, 10, 19, 21, 27, 37, 38, 39, 40, 41, 43, 48, 50, 51, 56, 70, 79, 90, 92, 93, 97, 99, 102, 103, 105, 106, 107, 108, 110, 113, 115, 116, 119, 120, 122], "summary": {"covered_lines": 41, "num_statements": 69, "percent_covered": 58.8235294117647, "percent_covered_display": "59", "missing_lines": 28, "excluded_lines": 0, "percent_statements_covered": 59.42028985507246, "percent_statements_covered_display": "59", "num_branches": 16, "num_partial_branches": 3, "covered_branches": 9, "missing_branches": 7, "percent_branches_covered": 56.25, "percent_branches_covered_display": "56"}, "missing_lines": [11, 12, 13, 14, 15, 17, 44, 45, 52, 53, 54, 58, 59, 60, 61, 63, 64, 65, 67, 68, 72, 73, 74, 75, 76, 77, 100, 111], "excluded_lines": [], "executed_branches": [[43, 48], [92, 93], [92, 97], [99, 102], [106, 107], [106, 110], [110, 113], [115, 116], [115, 119]], "missing_branches": [[43, 44], [60, 61], [60, 63], [73, 74], [73, 77], [99, 100], [110, 111]], "functions": {"DescriptorGenerator.__init__": {"executed_lines": [37, 38, 39, 40, 41, 43, 48, 50, 51], "summary": {"covered_lines": 9, "num_statements": 14, "percent_covered": 62.5, "percent_covered_display": "62", "missing_lines": 5, "excluded_lines": 0, "percent_statements_covered": 64.28571428571429, "percent_statements_covered_display": "64", "num_branches": 2, "num_partial_branches": 1, "covered_branches": 1, "missing_branches": 1, "percent_branches_covered": 50.0, "percent_branches_covered_display": "50"}, "missing_lines": [44, 45, 52, 53, 54], "excluded_lines": [], "start_line": 27, "executed_branches": [[43, 48]], "missing_branches": [[43, 44]]}, "DescriptorGenerator._descriptor_from_model": {"executed_lines": [], "summary": {"covered_lines": 0, "num_statements": 9, "percent_covered": 0.0, "percent_covered_display": "0", "missing_lines": 9, "excluded_lines": 0, "percent_statements_covered": 0.0, "percent_statements_covered_display": "0", "num_branches": 2, "num_partial_branches": 0, "covered_branches": 0, "missing_branches": 2, "percent_branches_covered": 0.0, "percent_branches_covered_display": "0"}, "missing_lines": [58, 59, 60, 61, 63, 64, 65, 67, 68], "excluded_lines": [], "start_line": 56, "executed_branches": [], "missing_branches": [[60, 61], [60, 63]]}, "DescriptorGenerator._get_desc_by_batch": {"executed_lines": [], "summary": {"covered_lines": 0, "num_statements": 6, "percent_covered": 0.0, "percent_covered_display": "0", "missing_lines": 6, "excluded_lines": 0, "percent_statements_covered": 0.0, "percent_statements_covered_display": "0", "num_branches": 2, "num_partial_branches": 0, "covered_branches": 0, "missing_branches": 2, "percent_branches_covered": 0.0, "percent_branches_covered_display": "0"}, "missing_lines": [72, 73, 74, 75, 76, 77], "excluded_lines": [], "start_line": 70, "executed_branches": [], "missing_branches": [[73, 74], [73, 77]]}, "DescriptorGenerator.compute_descriptors": {"executed_lines": [90, 92, 93, 97, 99, 102, 103, 105, 106, 107, 108, 110, 113, 115, 116, 119, 120, 122], "summary": {"covered_lines": 18, "num_statements": 20, "percent_covered": 86.66666666666667, "percent_covered_display": "87", "missing_lines": 2, "excluded_lines": 0, "percent_statements_covered": 90.0, "percent_statements_covered_display": "90", "num_branches": 10, "num_partial_branches": 2, "covered_branches": 8, "missing_branches": 2, "percent_branches_covered": 80.0, "percent_branches_covered_display": "80"}, "missing_lines": [100, 111], "excluded_lines": [], "start_line": 79, "executed_branches": [[92, 93], [92, 97], [99, 102], [106, 107], [106, 110], [110, 113], [115, 116], [115, 119]], "missing_branches": [[99, 100], [110, 111]]}, "": {"executed_lines": [1, 2, 3, 4, 7, 8, 9, 10, 19, 21, 27, 56, 70, 79], "summary": {"covered_lines": 14, "num_statements": 20, "percent_covered": 70.0, "percent_covered_display": "70", "missing_lines": 6, "excluded_lines": 0, "percent_statements_covered": 70.0, "percent_statements_covered_display": "70", "num_branches": 0, "num_partial_branches": 0, "covered_branches": 0, "missing_branches": 0, "percent_branches_covered": 100.0, "percent_branches_covered_display": "100"}, "missing_lines": [11, 12, 13, 14, 15, 17], "excluded_lines": [], "start_line": 1, "executed_branches": [], "missing_branches": []}}, "classes": {"DescriptorGenerator": {"executed_lines": [37, 38, 39, 40, 41, 43, 48, 50, 51, 90, 92, 93, 97, 99, 102, 103, 105, 106, 107, 108, 110, 113, 115, 116, 119, 120, 122], "summary": {"covered_lines": 27, "num_statements": 49, "percent_covered": 55.38461538461539, "percent_covered_display": "55", "missing_lines": 22, "excluded_lines": 0, "percent_statements_covered": 55.10204081632653, "percent_statements_covered_display": "55", "num_branches": 16, "num_partial_branches": 3, "covered_branches": 9, "missing_branches": 7, "percent_branches_covered": 56.25, "percent_branches_covered_display": "56"}, "missing_lines": [44, 45, 52, 53, 54, 58, 59, 60, 61, 63, 64, 65, 67, 68, 72, 73, 74, 75, 76, 77, 100, 111], "excluded_lines": [], "start_line": 21, "executed_branches": [[43, 48], [92, 93], [92, 97], [99, 102], [106, 107], [106, 110], [110, 113], [115, 116], [115, 119]], "missing_branches": [[43, 44], [60, 61], [60, 63], [73, 74], [73, 77], [99, 100], [110, 111]]}, "": {"executed_lines": [1, 2, 3, 4, 7, 8, 9, 10, 19, 21, 27, 56, 70, 79], "summary": {"covered_lines": 14, "num_statements": 20, "percent_covered": 70.0, "percent_covered_display": "70", "missing_lines": 6, "excluded_lines": 0, "percent_statements_covered": 70.0, "percent_statements_covered_display": "70", "num_branches": 0, "num_partial_branches": 0, "covered_branches": 0, "missing_branches": 0, "percent_branches_covered": 100.0, "percent_branches_covered_display": "100"}, "missing_lines": [11, 12, 13, 14, 15, 17], "excluded_lines": [], "start_line": 1, "executed_branches": [], "missing_branches": []}}}, "src/dpeva/feature/managers.py": {"executed_lines": [1, 2, 3, 4, 5, 7, 8, 9, 11, 13, 19, 20, 22, 28, 30, 33, 36, 37, 38, 40, 44, 45, 47, 49, 56, 63, 64, 65, 66, 67, 68, 70, 71, 72, 75, 76, 78, 84, 85, 86, 88, 90, 91, 92, 93, 94, 95, 97, 99, 107, 108, 110, 118, 121, 124, 125, 126, 128, 137, 138, 140, 142, 143, 145, 150, 151, 152, 155, 196, 198, 199, 200, 202, 211, 212, 219, 223, 224, 225, 226, 228, 230, 233, 234, 235, 236, 242, 245, 247, 248, 249, 255, 256, 260, 261, 264, 272, 273, 274], "summary": {"covered_lines": 99, "num_statements": 110, "percent_covered": 90.29850746268657, "percent_covered_display": "90", "missing_lines": 11, "excluded_lines": 0, "percent_statements_covered": 90.0, "percent_statements_covered_display": "90", "num_branches": 24, "num_partial_branches": 2, "covered_branches": 22, "missing_branches": 2, "percent_branches_covered": 91.66666666666667, "percent_branches_covered_display": "92"}, "missing_lines": [31, 51, 250, 251, 252, 257, 258, 266, 267, 268, 269], "excluded_lines": [], "executed_branches": [[30, 33], [37, 38], [37, 47], [44, 37], [44, 45], [75, -63], [75, 76], [91, 92], [91, 110], [93, 94], [93, 118], [125, 126], [125, 128], [199, 200], [199, 202], [233, 234], [233, 255], [260, -230], [260, 261], [264, 272], [273, -219], [273, 274]], "missing_branches": [[30, 31], [264, 266]], "functions": {"FeatureIOManager.__init__": {"executed_lines": [20], "summary": {"covered_lines": 1, "num_statements": 1, "percent_covered": 100.0, "percent_covered_display": "100", "missing_lines": 0, "excluded_lines": 0, "percent_statements_covered": 100.0, "percent_statements_covered_display": "100", "num_branches": 0, "num_partial_branches": 0, "covered_branches": 0, "missing_branches": 0, "percent_branches_covered": 100.0, "percent_branches_covered_display": "100"}, "missing_lines": [], "excluded_lines": [], "start_line": 19, "executed_branches": [], "missing_branches": []}, "FeatureIOManager.detect_multi_pool_structure": {"executed_lines": [28, 30, 33, 36, 37, 38, 40, 44, 45, 47], "summary": {"covered_lines": 10, "num_statements": 11, "percent_covered": 88.23529411764706, "percent_covered_display": "88", "missing_lines": 1, "excluded_lines": 0, "percent_statements_covered": 90.9090909090909, "percent_statements_covered_display": "91", "num_branches": 6, "num_partial_branches": 1, "covered_branches": 5, "missing_branches": 1, "percent_branches_covered": 83.33333333333333, "percent_branches_covered_display": "83"}, "missing_lines": [31], "excluded_lines": [], "start_line": 22, "executed_branches": [[30, 33], [37, 38], [37, 47], [44, 37], [44, 45]], "missing_branches": [[30, 31]]}, "FeatureIOManager.is_leaf_system": {"executed_lines": [], "summary": {"covered_lines": 0, "num_statements": 1, "percent_covered": 0.0, "percent_covered_display": "0", "missing_lines": 1, "excluded_lines": 0, "percent_statements_covered": 0.0, "percent_statements_covered_display": "0", "num_branches": 0, "num_partial_branches": 0, "covered_branches": 0, "missing_branches": 0, "percent_branches_covered": 100.0, "percent_branches_covered_display": "100"}, "missing_lines": [51], "excluded_lines": [], "start_line": 49, "executed_branches": [], "missing_branches": []}, "FeatureExecutionManager.__init__": {"executed_lines": [64, 65, 66, 67, 68, 70, 71, 72, 75, 76], "summary": {"covered_lines": 10, "num_statements": 10, "percent_covered": 100.0, "percent_covered_display": "100", "missing_lines": 0, "excluded_lines": 0, "percent_statements_covered": 100.0, "percent_statements_covered_display": "100", "num_branches": 2, "num_partial_branches": 0, "covered_branches": 2, "missing_branches": 0, "percent_branches_covered": 100.0, "percent_branches_covered_display": "100"}, "missing_lines": [], "excluded_lines": [], "start_line": 63, "executed_branches": [[75, -63], [75, 76]], "missing_branches": []}, "FeatureExecutionManager.submit_cli_job": {"executed_lines": [84, 85, 86, 88, 90, 91, 92, 93, 94, 95, 97, 99, 107, 108, 110, 118, 121, 124, 125, 126, 128, 137, 138, 140, 142, 143], "summary": {"covered_lines": 26, "num_statements": 26, "percent_covered": 100.0, "percent_covered_display": "100", "missing_lines": 0, "excluded_lines": 0, "percent_statements_covered": 100.0, "percent_statements_covered_display": "100", "num_branches": 6, "num_partial_branches": 0, "covered_branches": 6, "missing_branches": 0, "percent_branches_covered": 100.0, "percent_branches_covered_display": "100"}, "missing_lines": [], "excluded_lines": [], "start_line": 78, "executed_branches": [[91, 92], [91, 110], [93, 94], [93, 118], [125, 126], [125, 128]], "missing_branches": []}, "FeatureExecutionManager.submit_python_slurm_job": {"executed_lines": [150, 151, 152, 155, 196, 198, 199, 200, 202, 211, 212], "summary": {"covered_lines": 11, "num_statements": 11, "percent_covered": 100.0, "percent_covered_display": "100", "missing_lines": 0, "excluded_lines": 0, "percent_statements_covered": 100.0, "percent_statements_covered_display": "100", "num_branches": 2, "num_partial_branches": 0, "covered_branches": 2, "missing_branches": 0, "percent_branches_covered": 100.0, "percent_branches_covered_display": "100"}, "missing_lines": [], "excluded_lines": [], "start_line": 145, "executed_branches": [[199, 200], [199, 202]], "missing_branches": []}, "FeatureExecutionManager.run_local_python_recursion": {"executed_lines": [223, 224, 225, 226, 228, 230, 264, 272, 273, 274], "summary": {"covered_lines": 10, "num_statements": 14, "percent_covered": 72.22222222222223, "percent_covered_display": "72", "missing_lines": 4, "excluded_lines": 0, "percent_statements_covered": 71.42857142857143, "percent_statements_covered_display": "71", "num_branches": 4, "num_partial_branches": 1, "covered_branches": 3, "missing_branches": 1, "percent_branches_covered": 75.0, "percent_branches_covered_display": "75"}, "missing_lines": [266, 267, 268, 269], "excluded_lines": [], "start_line": 219, "executed_branches": [[264, 272], [273, -219], [273, 274]], "missing_branches": [[264, 266]]}, "FeatureExecutionManager.run_local_python_recursion.process_recursive": {"executed_lines": [233, 234, 235, 236, 242, 245, 247, 248, 249, 255, 256, 260, 261], "summary": {"covered_lines": 13, "num_statements": 18, "percent_covered": 77.27272727272727, "percent_covered_display": "77", "missing_lines": 5, "excluded_lines": 0, "percent_statements_covered": 72.22222222222223, "percent_statements_covered_display": "72", "num_branches": 4, "num_partial_branches": 0, "covered_branches": 4, "missing_branches": 0, "percent_branches_covered": 100.0, "percent_branches_covered_display": "100"}, "missing_lines": [250, 251, 252, 257, 258], "excluded_lines": [], "start_line": 230, "executed_branches": [[233, 234], [233, 255], [260, -230], [260, 261]], "missing_branches": []}, "": {"executed_lines": [1, 2, 3, 4, 5, 7, 8, 9, 11, 13, 19, 22, 49, 56, 63, 78, 145, 219], "summary": {"covered_lines": 18, "num_statements": 18, "percent_covered": 100.0, "percent_covered_display": "100", "missing_lines": 0, "excluded_lines": 0, "percent_statements_covered": 100.0, "percent_statements_covered_display": "100", "num_branches": 0, "num_partial_branches": 0, "covered_branches": 0, "missing_branches": 0, "percent_branches_covered": 100.0, "percent_branches_covered_display": "100"}, "missing_lines": [], "excluded_lines": [], "start_line": 1, "executed_branches": [], "missing_branches": []}}, "classes": {"FeatureIOManager": {"executed_lines": [20, 28, 30, 33, 36, 37, 38, 40, 44, 45, 47], "summary": {"covered_lines": 11, "num_statements": 13, "percent_covered": 84.21052631578948, "percent_covered_display": "84", "missing_lines": 2, "excluded_lines": 0, "percent_statements_covered": 84.61538461538461, "percent_statements_covered_display": "85", "num_branches": 6, "num_partial_branches": 1, "covered_branches": 5, "missing_branches": 1, "percent_branches_covered": 83.33333333333333, "percent_branches_covered_display": "83"}, "missing_lines": [31, 51], "excluded_lines": [], "start_line": 13, "executed_branches": [[30, 33], [37, 38], [37, 47], [44, 37], [44, 45]], "missing_branches": [[30, 31]]}, "FeatureExecutionManager": {"executed_lines": [64, 65, 66, 67, 68, 70, 71, 72, 75, 76, 84, 85, 86, 88, 90, 91, 92, 93, 94, 95, 97, 99, 107, 108, 110, 118, 121, 124, 125, 126, 128, 137, 138, 140, 142, 143, 150, 151, 152, 155, 196, 198, 199, 200, 202, 211, 212, 223, 224, 225, 226, 228, 230, 233, 234, 235, 236, 242, 245, 247, 248, 249, 255, 256, 260, 261, 264, 272, 273, 274], "summary": {"covered_lines": 70, "num_statements": 79, "percent_covered": 89.69072164948453, "percent_covered_display": "90", "missing_lines": 9, "excluded_lines": 0, "percent_statements_covered": 88.60759493670886, "percent_statements_covered_display": "89", "num_branches": 18, "num_partial_branches": 1, "covered_branches": 17, "missing_branches": 1, "percent_branches_covered": 94.44444444444444, "percent_branches_covered_display": "94"}, "missing_lines": [250, 251, 252, 257, 258, 266, 267, 268, 269], "excluded_lines": [], "start_line": 56, "executed_branches": [[75, -63], [75, 76], [91, 92], [91, 110], [93, 94], [93, 118], [125, 126], [125, 128], [199, 200], [199, 202], [233, 234], [233, 255], [260, -230], [260, 261], [264, 272], [273, -219], [273, 274]], "missing_branches": [[264, 266]]}, "": {"executed_lines": [1, 2, 3, 4, 5, 7, 8, 9, 11, 13, 19, 22, 49, 56, 63, 78, 145, 219], "summary": {"covered_lines": 18, "num_statements": 18, "percent_covered": 100.0, "percent_covered_display": "100", "missing_lines": 0, "excluded_lines": 0, "percent_statements_covered": 100.0, "percent_statements_covered_display": "100", "num_branches": 0, "num_partial_branches": 0, "covered_branches": 0, "missing_branches": 0, "percent_branches_covered": 100.0, "percent_branches_covered_display": "100"}, "missing_lines": [
[...]
covered": 100.0, "percent_covered_display": "100", "missing_lines": 0, "excluded_lines": 0, "percent_statements_covered": 100.0, "percent_statements_covered_display": "100", "num_branches": 0, "num_partial_branches": 0, "covered_branches": 0, "missing_branches": 0, "percent_branches_covered": 100.0, "percent_branches_covered_display": "100"}, "missing_lines": [], "excluded_lines": [], "start_line": 39, "executed_branches": [], "missing_branches": []}, "LabelingWorkflow.run": {"executed_lines": [51, 52, 53, 54, 55, 56, 57, 58, 59], "summary": {"covered_lines": 9, "num_statements": 9, "percent_covered": 100.0, "percent_covered_display": "100", "missing_lines": 0, "excluded_lines": 0, "percent_statements_covered": 100.0, "percent_statements_covered_display": "100", "num_branches": 2, "num_partial_branches": 0, "covered_branches": 2, "missing_branches": 0, "percent_branches_covered": 100.0, "percent_branches_covered_display": "100"}, "missing_lines": [], "excluded_lines": [], "start_line": 50, "executed_branches": [[53, 54], [53, 56]], "missing_branches": []}, "LabelingWorkflow.run_prepare": {"executed_lines": [62], "summary": {"covered_lines": 1, "num_statements": 1, "percent_covered": 100.0, "percent_covered_display": "100", "missing_lines": 0, "excluded_lines": 0, "percent_statements_covered": 100.0, "percent_statements_covered_display": "100", "num_branches": 0, "num_partial_branches": 0, "covered_branches": 0, "missing_branches": 0, "percent_branches_covered": 100.0, "percent_branches_covered_display": "100"}, "missing_lines": [], "excluded_lines": [], "start_line": 61, "executed_branches": [], "missing_branches": []}, "LabelingWorkflow._run_prepare_impl": {"executed_lines": [65, 66, 67, 68, 69, 70, 71], "summary": {"covered_lines": 7, "num_statements": 7, "percent_covered": 100.0, "percent_covered_display": "100", "missing_lines": 0, "excluded_lines": 0, "percent_statements_covered": 100.0, "percent_statements_covered_display": "100", "num_branches": 2, "num_partial_branches": 0, "covered_branches": 2, "missing_branches": 0, "percent_branches_covered": 100.0, "percent_branches_covered_display": "100"}, "missing_lines": [], "excluded_lines": [], "start_line": 64, "executed_branches": [[69, 70], [69, 71]], "missing_branches": []}, "LabelingWorkflow.run_execute": {"executed_lines": [74], "summary": {"covered_lines": 1, "num_statements": 1, "percent_covered": 100.0, "percent_covered_display": "100", "missing_lines": 0, "excluded_lines": 0, "percent_statements_covered": 100.0, "percent_statements_covered_display": "100", "num_branches": 0, "num_partial_branches": 0, "covered_branches": 0, "missing_branches": 0, "percent_branches_covered": 100.0, "percent_branches_covered_display": "100"}, "missing_lines": [], "excluded_lines": [], "start_line": 73, "executed_branches": [], "missing_branches": []}, "LabelingWorkflow._run_execute_impl": {"executed_lines": [77, 78, 79, 83, 84, 85, 86, 87, 88, 89, 90, 99, 100, 103, 104, 105, 108, 109, 110, 111, 112, 113, 114, 115], "summary": {"covered_lines": 24, "num_statements": 34, "percent_covered": 61.53846153846154, "percent_covered_display": "62", "missing_lines": 10, "excluded_lines": 0, "percent_statements_covered": 70.58823529411765, "percent_statements_covered_display": "71", "num_branches": 18, "num_partial_branches": 6, "covered_branches": 8, "missing_branches": 10, "percent_branches_covered": 44.44444444444444, "percent_branches_covered_display": "44"}, "missing_lines": [91, 92, 93, 94, 95, 96, 98, 101, 102, 106], "excluded_lines": [], "start_line": 76, "executed_branches": [[78, 79], [78, 83], [84, 85], [88, 89], [90, 99], [100, 103], [105, 108], [111, 112]], "missing_branches": [[84, 87], [88, 114], [90, 91], [91, 92], [91, 94], [94, 95], [94, 98], [100, 101], [105, 106], [111, 88]]}, "LabelingWorkflow.run_postprocess": {"executed_lines": [118], "summary": {"covered_lines": 1, "num_statements": 1, "percent_covered": 100.0, "percent_covered_display": "100", "missing_lines": 0, "excluded_lines": 0, "percent_statements_covered": 100.0, "percent_statements_covered_display": "100", "num_branches": 0, "num_partial_branches": 0, "covered_branches": 0, "missing_branches": 0, "percent_branches_covered": 100.0, "percent_branches_covered_display": "100"}, "missing_lines": [], "excluded_lines": [], "start_line": 117, "executed_branches": [], "missing_branches": []}, "LabelingWorkflow._run_postprocess_impl": {"executed_lines": [121, 122, 123, 127, 128, 129, 134], "summary": {"covered_lines": 7, "num_statements": 7, "percent_covered": 100.0, "percent_covered_display": "100", "missing_lines": 0, "excluded_lines": 0, "percent_statements_covered": 100.0, "percent_statements_covered_display": "100", "num_branches": 2, "num_partial_branches": 0, "covered_branches": 2, "missing_branches": 0, "percent_branches_covered": 100.0, "percent_branches_covered_display": "100"}, "missing_lines": [], "excluded_lines": [], "start_line": 120, "executed_branches": [[122, -120], [122, 123]], "missing_branches": []}, "LabelingWorkflow.run_extract": {"executed_lines": [137], "summary": {"covered_lines": 1, "num_statements": 1, "percent_covered": 100.0, "percent_covered_display": "100", "missing_lines": 0, "excluded_lines": 0, "percent_statements_covered": 100.0, "percent_statements_covered_display": "100", "num_branches": 0, "num_partial_branches": 0, "covered_branches": 0, "missing_branches": 0, "percent_branches_covered": 100.0, "percent_branches_covered_display": "100"}, "missing_lines": [], "excluded_lines": [], "start_line": 136, "executed_branches": [], "missing_branches": []}, "LabelingWorkflow._run_extract_impl": {"executed_lines": [140, 141, 146, 147, 152, 153], "summary": {"covered_lines": 6, "num_statements": 7, "percent_covered": 77.77777777777777, "percent_covered_display": "78", "missing_lines": 1, "excluded_lines": 0, "percent_statements_covered": 85.71428571428571, "percent_statements_covered_display": "86", "num_branches": 2, "num_partial_branches": 1, "covered_branches": 1, "missing_branches": 1, "percent_branches_covered": 50.0, "percent_branches_covered_display": "50"}, "missing_lines": [142], "excluded_lines": [], "start_line": 139, "executed_branches": [[141, 146]], "missing_branches": [[141, 142]]}, "LabelingWorkflow._run_with_stage_logging": {"executed_lines": [156, 157, 158, 159, 160, 161, 162, 164, 165, 166, 169, 170, 171], "summary": {"covered_lines": 13, "num_statements": 15, "percent_covered": 86.66666666666667, "percent_covered_display": "87", "missing_lines": 2, "excluded_lines": 0, "percent_statements_covered": 86.66666666666667, "percent_statements_covered_display": "87", "num_branches": 0, "num_partial_branches": 0, "covered_branches": 0, "missing_branches": 0, "percent_branches_covered": 100.0, "percent_branches_covered_display": "100"}, "missing_lines": [167, 168], "excluded_lines": [], "start_line": 155, "executed_branches": [], "missing_branches": []}, "LabelingWorkflow._load_dataset_map": {"executed_lines": [174, 175, 176, 177, 179, 180, 181, 182, 183, 184, 185, 186, 188, 189, 190, 191, 194, 202, 203, 204, 206, 207, 208, 209, 210, 211, 212, 215, 216, 217, 218, 219, 220, 221, 222], "summary": {"covered_lines": 35, "num_statements": 46, "percent_covered": 74.28571428571429, "percent_covered_display": "74", "missing_lines": 11, "excluded_lines": 0, "percent_statements_covered": 76.08695652173913, "percent_statements_covered_display": "76", "num_branches": 24, "num_partial_branches": 5, "covered_branches": 17, "missing_branches": 7, "percent_branches_covered": 70.83333333333333, "percent_branches_covered_display": "71"}, "missing_lines": [178, 192, 193, 195, 196, 197, 198, 199, 200, 205, 214], "excluded_lines": [], "start_line": 173, "executed_branches": [[177, 179], [180, 181], [180, 188], [184, 185], [184, 186], [190, 191], [190, 194], [191, 190], [194, 202], [203, 204], [203, 215], [204, 206], [208, 209], [210, 211], [210, 212], [215, 216], [215, 217]], "missing_branches": [[177, 178], [191, 192], [194, 195], [198, 199], [198, 200], [204, 205], [208, 214]]}, "LabelingWorkflow._resolve_packed_job_dirs": {"executed_lines": [225, 226, 227, 228, 229, 230, 231], "summary": {"covered_lines": 7, "num_statements": 7, "percent_covered": 100.0, "percent_covered_display": "100", "missing_lines": 0, "excluded_lines": 0, "percent_statements_covered": 100.0, "percent_statements_covered_display": "100", "num_branches": 4, "num_partial_branches": 0, "covered_branches": 4, "missing_branches": 0, "percent_branches_covered": 100.0, "percent_branches_covered_display": "100"}, "missing_lines": [], "excluded_lines": [], "start_line": 224, "executed_branches": [[225, 226], [225, 227], [228, 229], [228, 230]], "missing_branches": []}, "LabelingWorkflow._collect_active_job_dirs": {"executed_lines": [235, 236, 237, 238, 239], "summary": {"covered_lines": 5, "num_statements": 5, "percent_covered": 88.88888888888889, "percent_covered_display": "89", "missing_lines": 0, "excluded_lines": 0, "percent_statements_covered": 100.0, "percent_statements_covered_display": "100", "num_branches": 4, "num_partial_branches": 1, "covered_branches": 3, "missing_branches": 1, "percent_branches_covered": 75.0, "percent_branches_covered_display": "75"}, "missing_lines": [], "excluded_lines": [], "start_line": 234, "executed_branches": [[236, 237], [236, 239], [237, 238]], "missing_branches": [[237, 236]]}, "LabelingWorkflow._submit_job_dirs": {"executed_lines": [242, 243, 244, 245, 246, 247, 259, 260, 267, 268, 269], "summary": {"covered_lines": 11, "num_statements": 12, "percent_covered": 92.85714285714286, "percent_covered_display": "93", "missing_lines": 1, "excluded_lines": 0, "percent_statements_covered": 91.66666666666667, "percent_statements_covered_display": "92", "num_branches": 2, "num_partial_branches": 0, "covered_branches": 2, "missing_branches": 0, "percent_branches_covered": 100.0, "percent_branches_covered_display": "100"}, "missing_lines": [266], "excluded_lines": [], "start_line": 241, "executed_branches": [[243, 244], [243, 269]], "missing_branches": []}, "LabelingWorkflow._monitor_slurm_jobs": {"executed_lines": [], "summary": {"covered_lines": 0, "num_statements": 27, "percent_covered": 0.0, "percent_covered_display": "0", "missing_lines": 27, "excluded_lines": 0, "percent_statements_covered": 0.0, "percent_statements_covered_display": "0", "num_branches": 12, "num_partial_branches": 0, "covered_branches": 0, "missing_branches": 12, "percent_branches_covered": 0.0, "percent_branches_covered_display": "0"}, "missing_lines": [273, 274, 276, 278, 279, 280, 281, 282, 284, 285, 286, 288, 289, 291, 292, 293, 294, 296, 297, 298, 302, 303, 305, 306, 308, 309, 310], "excluded_lines": [], "start_line": 271, "executed_branches": [], "missing_branches": [[273, 274], [273, 276], [279, 280], [279, 284], [281, 279], [281, 282], [284, 285], [284, 288], [296, 297], [296, 302], [302, 303], [302, 305]]}, "": {"executed_lines": [8, 9, 10, 11, 12, 13, 14, 16, 18, 19, 20, 21, 22, 23, 24, 25, 27, 29, 39, 50, 61, 64, 73, 76, 117, 120, 136, 139, 155, 173, 224, 233, 234, 241, 271], "summary": {"covered_lines": 35, "num_statements": 35, "percent_covered": 100.0, "percent_covered_display": "100", "missing_lines": 0, "excluded_lines": 0, "percent_statements_covered": 100.0, "percent_statements_covered_display": "100", "num_branches": 0, "num_partial_branches": 0, "covered_branches": 0, "missing_branches": 0, "percent_branches_covered": 100.0, "percent_branches_covered_display": "100"}, "missing_lines": [], "excluded_lines": [], "start_line": 1, "executed_branches": [], "missing_branches": []}}, "classes": {"LabelingWorkflow": {"executed_lines": [40, 41, 42, 48, 51, 52, 53, 54, 55, 56, 57, 58, 59, 62, 65, 66, 67, 68, 69, 70, 71, 74, 77, 78, 79, 83, 84, 85, 86, 87, 88, 89, 90, 99, 100, 103, 104, 105, 108, 109, 110, 111, 112, 113, 114, 115, 118, 121, 122, 123, 127, 128, 129, 134, 137, 140, 141, 146, 147, 152, 153, 156, 157, 158, 159, 160, 161, 162, 164, 165, 166, 169, 170, 171, 174, 175, 176, 177, 179, 180, 181, 182, 183, 184, 185, 186, 188, 189, 190, 191, 194, 202, 203, 204, 206, 207, 208, 209, 210, 211, 212, 215, 216, 217, 218, 219, 220, 221, 222, 225, 226, 227, 228, 229, 230, 231, 235, 236, 237, 238, 239, 242, 243, 244, 245, 246, 247, 259, 260, 267, 268, 269], "summary": {"covered_lines": 132, "num_statements": 184, "percent_covered": 67.578125, "percent_covered_display": "68", "missing_lines": 52, "excluded_lines": 0, "percent_statements_covered": 71.73913043478261, "percent_statements_covered_display": "72", "num_branches": 72, "num_partial_branches": 13, "covered_branches": 41, "missing_branches": 31, "percent_branches_covered": 56.94444444444444, "percent_branches_covered_display": "57"}, "missing_lines": [91, 92, 93, 94, 95, 96, 98, 101, 102, 106, 142, 167, 168, 178, 192, 193, 195, 196, 197, 198, 199, 200, 205, 214, 266, 273, 274, 276, 278, 279, 280, 281, 282, 284, 285, 286, 288, 289, 291, 292, 293, 294, 296, 297, 298, 302, 303, 305, 306, 308, 309, 310], "excluded_lines": [], "start_line": 29, "executed_branches": [[53, 54], [53, 56], [69, 70], [69, 71], [78, 79], [78, 83], [84, 85], [88, 89], [90, 99], [100, 103], [105, 108], [111, 112], [122, -120], [122, 123], [141, 146], [177, 179], [180, 181], [180, 188], [184, 185], [184, 186], [190, 191], [190, 194], [191, 190], [194, 202], [203, 204], [203, 215], [204, 206], [208, 209], [210, 211], [210, 212], [215, 216], [215, 217], [225, 226], [225, 227], [228, 229], [228, 230], [236, 237], [236, 239], [237, 238], [243, 244], [243, 269]], "missing_branches": [[84, 87], [88, 114], [90, 91], [91, 92], [91, 94], [94, 95], [94, 98], [100, 101], [105, 106], [111, 88], [141, 142], [177, 178], [191, 192], [194, 195], [198, 199], [198, 200], [204, 205], [208, 214], [237, 236], [273, 274], [273, 276], [279, 280], [279, 284], [281, 279], [281, 282], [284, 285], [284, 288], [296, 297], [296, 302], [302, 303], [302, 305]]}, "": {"executed_lines": [8, 9, 10, 11, 12, 13, 14, 16, 18, 19, 20, 21, 22, 23, 24, 25, 27, 29, 39, 50, 61, 64, 73, 76, 117, 120, 136, 139, 155, 173, 224, 233, 234, 241, 271], "summary": {"covered_lines": 35, "num_statements": 35, "percent_covered": 100.0, "percent_covered_display": "100", "missing_lines": 0, "excluded_lines": 0, "percent_statements_covered": 100.0, "percent_statements_covered_display": "100", "num_branches": 0, "num_partial_branches": 0, "covered_branches": 0, "missing_branches": 0, "percent_branches_covered": 100.0, "percent_branches_covered_display": "100"}, "missing_lines": [], "excluded_lines": [], "start_line": 1, "executed_branches": [], "missing_branches": []}}}, "src/dpeva/workflows/train.py": {"executed_lines": [1, 2, 3, 4, 6, 7, 8, 9, 10, 12, 19, 26, 27, 31, 33, 34, 35, 36, 39, 42, 45, 46, 48, 51, 60, 63, 66, 69, 72, 73, 75, 86, 93, 94, 97, 98, 99, 101, 105, 106, 109, 110, 111, 114, 117, 119, 122, 128, 131, 132, 133, 134], "summary": {"covered_lines": 52, "num_statements": 55, "percent_covered": 90.47619047619048, "percent_covered_display": "90", "missing_lines": 3, "excluded_lines": 0, "percent_statements_covered": 94.54545454545455, "percent_statements_covered_display": "95", "num_branches": 8, "num_partial_branches": 3, "covered_branches": 5, "missing_branches": 3, "percent_branches_covered": 62.5, "percent_branches_covered_display": "62"}, "missing_lines": [29, 43, 118], "excluded_lines": [], "executed_branches": [[26, 27], [42, 45], [109, 110], [109, 131], [117, 119]], "missing_branches": [[26, 29], [42, 43], [117, 118]], "functions": {"TrainingWorkflow.__init__": {"executed_lines": [26, 27, 31, 33, 34, 35, 36, 39, 42, 45, 46, 48, 51, 60, 63, 66, 69], "summary": {"covered_lines": 17, "num_statements": 19, "percent_covered": 82.6086956521739, "percent_covered_display": "83", "missing_lines": 2, "excluded_lines": 0, "percent_statements_covered": 89.47368421052632, "percent_statements_covered_display": "89", "num_branches": 4, "num_partial_branches": 2, "covered_branches": 2, "missing_branches": 2, "percent_branches_covered": 50.0, "percent_branches_covered_display": "50"}, "missing_lines": [29, 43], "excluded_lines": [], "start_line": 19, "executed_branches": [[26, 27], [42, 45]], "missing_branches": [[26, 29], [42, 43]]}, "TrainingWorkflow._setup_logger": {"executed_lines": [73], "summary": {"covered_lines": 1, "num_statements": 1, "percent_covered": 100.0, "percent_covered_display": "100", "missing_lines": 0, "excluded_lines": 0, "percent_statements_covered": 100.0, "percent_statements_covered_display": "100", "num_branches": 0, "num_partial_branches": 0, "covered_branches": 0, "missing_branches": 0, "percent_branches_covered": 100.0, "percent_branches_covered_display": "100"}, "missing_lines": [], "excluded_lines": [], "start_line": 72, "executed_branches": [], "missing_branches": []}, "TrainingWorkflow.run": {"executed_lines": [86, 93, 94, 97, 98, 99, 101, 105, 106, 109, 110, 111, 114, 117, 119, 122, 128, 131, 132, 133, 134], "summary": {"covered_lines": 21, "num_statements": 22, "percent_covered": 92.3076923076923, "percent_covered_display": "92", "missing_lines": 1, "excluded_lines": 0, "percent_statements_covered": 95.45454545454545, "percent_statements_covered_display": "95", "num_branches": 4, "num_partial_branches": 1, "covered_branches": 3, "missing_branches": 1, "percent_branches_covered": 75.0, "percent_branches_covered_display": "75"}, "missing_lines": [118], "excluded_lines": [], "start_line": 75, "executed_branches": [[109, 110], [109, 131], [117, 119]], "missing_branches": [[117, 118]]}, "": {"executed_lines": [1, 2, 3, 4, 6, 7, 8, 9, 10, 12, 19, 72, 75], "summary": {"covered_lines": 13, "num_statements": 13, "percent_covered": 100.0, "percent_covered_display": "100", "missing_lines": 0, "excluded_lines": 0, "percent_statements_covered": 100.0, "percent_statements_covered_display": "100", "num_branches": 0, "num_partial_branches": 0, "covered_branches": 0, "missing_branches": 0, "percent_branches_covered": 100.0, "percent_branches_covered_display": "100"}, "missing_lines": [], "excluded_lines": [], "start_line": 1, "executed_branches": [], "missing_branches": []}}, "classes": {"TrainingWorkflow": {"executed_lines": [26, 27, 31, 33, 34, 35, 36, 39, 42, 45, 46, 48, 51, 60, 63, 66, 69, 73, 86, 93, 94, 97, 98, 99, 101, 105, 106, 109, 110, 111, 114, 117, 119, 122, 128, 131, 132, 133, 134], "summary": {"covered_lines": 39, "num_statements": 42, "percent_covered": 88.0, "percent_covered_display": "88", "missing_lines": 3, "excluded_lines": 0, "percent_statements_covered": 92.85714285714286, "percent_statements_covered_display": "93", "num_branches": 8, "num_partial_branches": 3, "covered_branches": 5, "missing_branches": 3, "percent_branches_covered": 62.5, "percent_branches_covered_display": "62"}, "missing_lines": [29, 43, 118], "excluded_lines": [], "start_line": 12, "executed_branches": [[26, 27], [42, 45], [109, 110], [109, 131], [117, 119]], "missing_branches": [[26, 29], [42, 43], [117, 118]]}, "": {"executed_lines": [1, 2, 3, 4, 6, 7, 8, 9, 10, 12, 19, 72, 75], "summary": {"covered_lines": 13, "num_statements": 13, "percent_covered": 100.0, "percent_covered_display": "100", "missing_lines": 0, "excluded_lines": 0, "percent_statements_covered": 100.0, "percent_statements_covered_display": "100", "num_branches": 0, "num_partial_branches": 0, "covered_branches": 0, "missing_branches": 0, "percent_branches_covered": 100.0, "percent_branches_covered_display": "100"}, "missing_lines": [], "excluded_lines": [], "start_line": 1, "executed_branches": [], "missing_branches": []}}}}, "totals": {"covered_lines": 4997, "num_statements": 5973, "percent_covered": 79.8533384793516, "percent_covered_display": "80", "missing_lines": 976, "excluded_lines": 2, "percent_statements_covered": 83.65980244433283, "percent_statements_covered_display": "84", "num_branches": 1800, "num_partial_branches": 388, "covered_branches": 1210, "missing_branches": 590, "percent_branches_covered": 67.22222222222223, "percent_branches_covered_display": "67"}}